[2021-08-19 05:47:29,267] multiqc                                            [DEBUG  ]  No MultiQC config found: /app/software/MultiQC/1.9-foss-2019b-Python-3.7.4/lib/python3.7/site-packages/multiqc_config.yaml
[2021-08-19 05:47:29,267] multiqc                                            [DEBUG  ]  No MultiQC config found: /home/dchen2/.multiqc_config.yaml
[2021-08-19 05:47:29,267] multiqc                                            [DEBUG  ]  No MultiQC config found: multiqc_config.yaml
[2021-08-19 05:47:29,267] multiqc                                            [DEBUG  ]  Command used: /app/software/MultiQC/1.9-foss-2019b-Python-3.7.4/bin/multiqc qc_reports/mapping_reads -o qc_reports/summary_mapped
[2021-08-19 05:47:30,305] multiqc                                            [WARNING]  MultiQC Version v1.11 now available!
[2021-08-19 05:47:30,306] multiqc                                            [INFO   ]  This is MultiQC v1.9
[2021-08-19 05:47:30,306] multiqc                                            [DEBUG  ]  Command     : /app/software/MultiQC/1.9-foss-2019b-Python-3.7.4/bin/multiqc qc_reports/mapping_reads -o qc_reports/summary_mapped
[2021-08-19 05:47:30,306] multiqc                                            [DEBUG  ]  Working dir : /home/dchen2/BULKATACSEQ_FOR_JWLEE
[2021-08-19 05:47:30,306] multiqc                                            [INFO   ]  Template    : default
[2021-08-19 05:47:30,306] multiqc                                            [DEBUG  ]  Running Python 3.7.4 (default, Mar 25 2020, 09:51:00)  [GCC 8.3.0]
[2021-08-19 05:47:30,306] multiqc                                            [INFO   ]  Searching   : /home/dchen2/BULKATACSEQ_FOR_JWLEE/qc_reports/mapping_reads
[2021-08-19 05:47:30,307] multiqc                                            [DEBUG  ]  Analysing modules: custom_content, conpair, peddy, somalier, methylQA, mosdepth, phantompeakqualtools, qualimap, preseq, quast, qorts, rna_seqc, rockhopper, rsem, rseqc, busco, goleft_indexcov, disambiguate, supernova, deeptools, sargasso, verifybamid, mirtrace, happy, mirtop, homer, macs2, theta2, snpeff, gatk, htseq, bcftools, featureCounts, fgbio, dragen, dedup, damageprofiler, biobambam2, mtnucratio, picard, prokka, samblaster, samtools, sexdeterrmine, bamtools, jellyfish, vcftools, longranger, stacks, varscan2, bbmap, bismark, biscuit, hicexplorer, hicup, hicpro, salmon, kallisto, slamdunk, star, hisat2, tophat, bowtie2, bowtie1, snpsplit, kat, leehom, adapterRemoval, clipandmerge, cutadapt, flexbar, kaiju, kraken, malt, trimmomatic, sickle, skewer, sortmerna, biobloomtools, fastq_screen, afterqc, fastp, fastqc, pycoqc, minionqc, multivcfanalyzer, clusterflow, bcl2fastq, interop, ivar, flash, seqyclean
[2021-08-19 05:47:30,307] multiqc                                            [DEBUG  ]  Using temporary directory for creating report: /tmp/tmpp2h69krc
[2021-08-19 05:47:30,501] multiqc                                            [DEBUG  ]  File ignored by hicexplorer because it exceeded search pattern filesize limit: ATAC_D0_repl_2_LSD1i_S38_trimmed_marked_dup_metrics.txt
[2021-08-19 05:47:30,510] multiqc                                            [DEBUG  ]  File ignored by longranger/invocation because it exceeded search pattern filesize limit: ATAC_D0_repl_2_LSD1i_S38_trimmed_marked_dup_metrics.txt
[2021-08-19 05:47:30,646] multiqc                                            [DEBUG  ]  File ignored by hicexplorer because it exceeded search pattern filesize limit: ATAC_D8_repl_2_HDACi_S40_trimmed_marked_dup_metrics.txt
[2021-08-19 05:47:30,654] multiqc                                            [DEBUG  ]  File ignored by longranger/invocation because it exceeded search pattern filesize limit: ATAC_D8_repl_2_HDACi_S40_trimmed_marked_dup_metrics.txt
[2021-08-19 05:47:30,796] multiqc                                            [DEBUG  ]  File ignored by hicexplorer because it exceeded search pattern filesize limit: rseqc.geneBodyCoverage.r
[2021-08-19 05:47:30,805] multiqc                                            [DEBUG  ]  File ignored by longranger/invocation because it exceeded search pattern filesize limit: rseqc.geneBodyCoverage.r
[2021-08-19 05:47:30,840] multiqc                                            [DEBUG  ]  File ignored by hicexplorer because it exceeded search pattern filesize limit: ATAC_D8_repl_2_no_tx_S42_trimmed_marked_dup_metrics.txt
[2021-08-19 05:47:30,848] multiqc                                            [DEBUG  ]  File ignored by longranger/invocation because it exceeded search pattern filesize limit: ATAC_D8_repl_2_no_tx_S42_trimmed_marked_dup_metrics.txt
[2021-08-19 05:47:30,891] multiqc                                            [DEBUG  ]  File ignored by hicexplorer because it exceeded search pattern filesize limit: ATAC_D0_repl_2_no_tx_S39_trimmed_marked_dup_metrics.txt
[2021-08-19 05:47:30,899] multiqc                                            [DEBUG  ]  File ignored by longranger/invocation because it exceeded search pattern filesize limit: ATAC_D0_repl_2_no_tx_S39_trimmed_marked_dup_metrics.txt
[2021-08-19 05:47:30,955] multiqc                                            [DEBUG  ]  File ignored by hicexplorer because it exceeded search pattern filesize limit: ATAC_D8_repl_2_HDACi_S40_trimmed_Log.out
[2021-08-19 05:47:30,963] multiqc                                            [DEBUG  ]  File ignored by longranger/invocation because it exceeded search pattern filesize limit: ATAC_D8_repl_2_HDACi_S40_trimmed_Log.out
[2021-08-19 05:47:31,011] multiqc                                            [DEBUG  ]  File ignored by hicexplorer because it exceeded search pattern filesize limit: ATAC_D8_repl_2_no_tx_S42_trimmed_Log.out
[2021-08-19 05:47:31,019] multiqc                                            [DEBUG  ]  File ignored by longranger/invocation because it exceeded search pattern filesize limit: ATAC_D8_repl_2_no_tx_S42_trimmed_Log.out
[2021-08-19 05:47:31,134] multiqc                                            [DEBUG  ]  File ignored by hicexplorer because it exceeded search pattern filesize limit: ATAC_D0_repl_2_HDACi_S37_trimmed_Log.out
[2021-08-19 05:47:31,141] multiqc                                            [DEBUG  ]  File ignored by longranger/invocation because it exceeded search pattern filesize limit: ATAC_D0_repl_2_HDACi_S37_trimmed_Log.out
[2021-08-19 05:47:31,255] multiqc                                            [DEBUG  ]  File ignored by hicexplorer because it exceeded search pattern filesize limit: ATAC_D0_repl_2_LSD1i_S38_trimmed_Log.out
[2021-08-19 05:47:31,263] multiqc                                            [DEBUG  ]  File ignored by longranger/invocation because it exceeded search pattern filesize limit: ATAC_D0_repl_2_LSD1i_S38_trimmed_Log.out
[2021-08-19 05:47:31,344] multiqc                                            [DEBUG  ]  File ignored by hicexplorer because it exceeded search pattern filesize limit: ATAC_D0_repl_2_no_tx_S39_trimmed_Log.out
[2021-08-19 05:47:31,352] multiqc                                            [DEBUG  ]  File ignored by longranger/invocation because it exceeded search pattern filesize limit: ATAC_D0_repl_2_no_tx_S39_trimmed_Log.out
[2021-08-19 05:47:31,397] multiqc                                            [DEBUG  ]  File ignored by hicexplorer because it exceeded search pattern filesize limit: ATAC_D0_repl_2_HDACi_S37_trimmed_marked_dup_metrics.txt
[2021-08-19 05:47:31,404] multiqc                                            [DEBUG  ]  File ignored by longranger/invocation because it exceeded search pattern filesize limit: ATAC_D0_repl_2_HDACi_S37_trimmed_marked_dup_metrics.txt
[2021-08-19 05:47:31,485] multiqc                                            [DEBUG  ]  File ignored by hicexplorer because it exceeded search pattern filesize limit: ATAC_D8_repl_2_LSD1i_S41_trimmed_marked_dup_metrics.txt
[2021-08-19 05:47:31,493] multiqc                                            [DEBUG  ]  File ignored by longranger/invocation because it exceeded search pattern filesize limit: ATAC_D8_repl_2_LSD1i_S41_trimmed_marked_dup_metrics.txt
[2021-08-19 05:47:31,590] multiqc                                            [DEBUG  ]  File ignored by hicexplorer because it exceeded search pattern filesize limit: ATAC_D8_repl_2_LSD1i_S41_trimmed_Log.out
[2021-08-19 05:47:31,597] multiqc                                            [DEBUG  ]  File ignored by longranger/invocation because it exceeded search pattern filesize limit: ATAC_D8_repl_2_LSD1i_S41_trimmed_Log.out
[2021-08-19 05:47:32,296] multiqc.plots.bargraph                             [DEBUG  ]  Using matplotlib version 3.1.1
[2021-08-19 05:47:32,299] multiqc.plots.linegraph                            [DEBUG  ]  Using matplotlib version 3.1.1
[2021-08-19 05:47:32,302] multiqc                                            [DEBUG  ]  No samples found: custom_content
[2021-08-19 05:47:32,311] multiqc                                            [DEBUG  ]  No samples found: conpair
[2021-08-19 05:47:32,318] multiqc                                            [DEBUG  ]  No samples found: peddy
[2021-08-19 05:47:32,324] multiqc                                            [DEBUG  ]  No samples found: somalier
[2021-08-19 05:47:32,331] multiqc                                            [DEBUG  ]  No samples found: methylQA
[2021-08-19 05:47:32,345] multiqc                                            [DEBUG  ]  No samples found: mosdepth
[2021-08-19 05:47:32,352] multiqc                                            [DEBUG  ]  No samples found: phantompeakqualtools
[2021-08-19 05:47:32,358] multiqc                                            [DEBUG  ]  No samples found: qualimap
[2021-08-19 05:47:32,364] multiqc                                            [DEBUG  ]  No samples found: preseq
[2021-08-19 05:47:32,370] multiqc                                            [DEBUG  ]  No samples found: quast
[2021-08-19 05:47:32,383] multiqc                                            [DEBUG  ]  No samples found: qorts
[2021-08-19 05:47:32,389] multiqc                                            [DEBUG  ]  No samples found: rna_seqc
[2021-08-19 05:47:32,395] multiqc                                            [DEBUG  ]  No samples found: rockhopper
[2021-08-19 05:47:32,402] multiqc                                            [DEBUG  ]  No samples found: rsem
[2021-08-19 05:47:32,426] multiqc.modules.rseqc.rseqc                        [INFO   ]  Found 6 read_distribution reports
[2021-08-19 05:47:32,433] multiqc.modules.rseqc.rseqc                        [INFO   ]  Found 6 gene_body_coverage reports
[2021-08-19 05:47:32,443] multiqc.modules.rseqc.rseqc                        [INFO   ]  Found 6 infer_experiment reports
[2021-08-19 05:47:32,454] multiqc                                            [DEBUG  ]  No samples found: busco
[2021-08-19 05:47:32,461] multiqc                                            [DEBUG  ]  No samples found: goleft_indexcov
[2021-08-19 05:47:32,468] multiqc                                            [DEBUG  ]  No samples found: disambiguate
[2021-08-19 05:47:32,475] multiqc                                            [DEBUG  ]  No samples found: supernova
[2021-08-19 05:47:32,492] multiqc                                            [DEBUG  ]  No samples found: deeptools
[2021-08-19 05:47:32,500] multiqc                                            [DEBUG  ]  No samples found: sargasso
[2021-08-19 05:47:32,507] multiqc                                            [DEBUG  ]  No samples found: verifybamid
[2021-08-19 05:47:32,513] multiqc                                            [DEBUG  ]  No samples found: mirtrace
[2021-08-19 05:47:32,520] multiqc                                            [DEBUG  ]  No samples found: happy
[2021-08-19 05:47:32,528] multiqc                                            [DEBUG  ]  No samples found: mirtop
[2021-08-19 05:47:32,536] multiqc                                            [DEBUG  ]  No samples found: homer
[2021-08-19 05:47:32,543] multiqc                                            [DEBUG  ]  No samples found: macs2
[2021-08-19 05:47:32,550] multiqc                                            [DEBUG  ]  No samples found: theta2
[2021-08-19 05:47:32,558] multiqc                                            [DEBUG  ]  No samples found: snpeff
[2021-08-19 05:47:32,567] multiqc                                            [DEBUG  ]  No samples found: gatk
[2021-08-19 05:47:32,574] multiqc                                            [DEBUG  ]  No samples found: htseq
[2021-08-19 05:47:32,581] multiqc                                            [DEBUG  ]  No samples found: bcftools
[2021-08-19 05:47:32,587] multiqc                                            [DEBUG  ]  No samples found: featureCounts
[2021-08-19 05:47:32,595] multiqc                                            [DEBUG  ]  No samples found: fgbio
[2021-08-19 05:47:32,616] multiqc                                            [DEBUG  ]  No samples found: dragen
[2021-08-19 05:47:32,623] multiqc                                            [DEBUG  ]  No samples found: dedup
[2021-08-19 05:47:32,631] multiqc                                            [DEBUG  ]  No samples found: damageprofiler
[2021-08-19 05:47:32,662] multiqc                                            [DEBUG  ]  No samples found: biobambam2
[2021-08-19 05:47:32,669] multiqc                                            [DEBUG  ]  No samples found: mtnucratio
[2021-08-19 05:47:32,680] multiqc.modules.picard.picard                      [INFO   ]  Found 6 MarkDuplicates reports
[2021-08-19 05:47:32,691] multiqc                                            [DEBUG  ]  No samples found: prokka
[2021-08-19 05:47:32,698] multiqc                                            [DEBUG  ]  No samples found: samblaster
[2021-08-19 05:47:32,742] multiqc.modules.samtools.samtools                  [INFO   ]  Found 6 idxstats reports
[2021-08-19 05:47:32,748] multiqc                                            [DEBUG  ]  No samples found: sexdeterrmine
[2021-08-19 05:47:32,758] multiqc                                            [DEBUG  ]  No samples found: bamtools
[2021-08-19 05:47:32,767] multiqc                                            [DEBUG  ]  No samples found: jellyfish
[2021-08-19 05:47:32,781] multiqc                                            [DEBUG  ]  No samples found: vcftools
[2021-08-19 05:47:32,790] multiqc                                            [DEBUG  ]  No samples found: longranger
[2021-08-19 05:47:32,800] multiqc                                            [DEBUG  ]  No samples found: stacks
[2021-08-19 05:47:32,805] multiqc                                            [DEBUG  ]  No samples found: varscan2
[2021-08-19 05:47:32,829] multiqc                                            [DEBUG  ]  No samples found: bbmap
[2021-08-19 05:47:32,888] multiqc                                            [DEBUG  ]  No samples found: bismark
[2021-08-19 05:47:32,893] multiqc                                            [DEBUG  ]  No samples found: biscuit
[2021-08-19 05:47:32,899] multiqc                                            [DEBUG  ]  No samples found: hicexplorer
[2021-08-19 05:47:32,907] multiqc                                            [DEBUG  ]  No samples found: hicup
[2021-08-19 05:47:32,915] multiqc                                            [DEBUG  ]  No samples found: hicpro
[2021-08-19 05:47:32,921] multiqc                                            [DEBUG  ]  No samples found: salmon
[2021-08-19 05:47:32,931] multiqc                                            [DEBUG  ]  No samples found: kallisto
[2021-08-19 05:47:32,937] multiqc                                            [DEBUG  ]  No samples found: slamdunk
[2021-08-19 05:47:32,960] multiqc.modules.star.star                          [INFO   ]  Found 6 reports
[2021-08-19 05:47:32,967] multiqc                                            [DEBUG  ]  No samples found: hisat2
[2021-08-19 05:47:32,973] multiqc                                            [DEBUG  ]  No samples found: tophat
[2021-08-19 05:47:32,979] multiqc                                            [DEBUG  ]  No samples found: bowtie2
[2021-08-19 05:47:32,986] multiqc                                            [DEBUG  ]  No samples found: bowtie1
[2021-08-19 05:47:32,992] multiqc                                            [DEBUG  ]  No samples found: snpsplit
[2021-08-19 05:47:32,998] multiqc                                            [DEBUG  ]  No samples found: kat
[2021-08-19 05:47:33,005] multiqc                                            [DEBUG  ]  No samples found: leehom
[2021-08-19 05:47:33,015] multiqc                                            [DEBUG  ]  No samples found: adapterRemoval
[2021-08-19 05:47:33,021] multiqc                                            [DEBUG  ]  No samples found: clipandmerge
[2021-08-19 05:47:33,029] multiqc                                            [DEBUG  ]  No samples found: cutadapt
[2021-08-19 05:47:33,035] multiqc                                            [DEBUG  ]  No samples found: flexbar
[2021-08-19 05:47:33,041] multiqc                                            [DEBUG  ]  No samples found: kaiju
[2021-08-19 05:47:33,048] multiqc                                            [DEBUG  ]  No samples found: kraken
[2021-08-19 05:47:33,053] multiqc                                            [DEBUG  ]  No samples found: malt
[2021-08-19 05:47:33,060] multiqc                                            [DEBUG  ]  No samples found: trimmomatic
[2021-08-19 05:47:33,065] multiqc                                            [DEBUG  ]  No samples found: sickle
[2021-08-19 05:47:33,072] multiqc                                            [DEBUG  ]  No samples found: skewer
[2021-08-19 05:47:33,077] multiqc                                            [DEBUG  ]  No samples found: sortmerna
[2021-08-19 05:47:33,082] multiqc                                            [DEBUG  ]  No samples found: biobloomtools
[2021-08-19 05:47:33,089] multiqc                                            [DEBUG  ]  No samples found: fastq_screen
[2021-08-19 05:47:33,097] multiqc                                            [DEBUG  ]  No samples found: afterqc
[2021-08-19 05:47:33,102] multiqc                                            [DEBUG  ]  No samples found: fastp
[2021-08-19 05:47:33,109] multiqc                                            [DEBUG  ]  No samples found: fastqc
[2021-08-19 05:47:33,117] multiqc                                            [DEBUG  ]  No samples found: pycoqc
[2021-08-19 05:47:33,122] multiqc                                            [DEBUG  ]  No samples found: minionqc
[2021-08-19 05:47:33,129] multiqc                                            [DEBUG  ]  No samples found: multivcfanalyzer
[2021-08-19 05:47:33,136] multiqc                                            [DEBUG  ]  No samples found: clusterflow
[2021-08-19 05:47:33,141] multiqc                                            [DEBUG  ]  No samples found: bcl2fastq
[2021-08-19 05:47:33,148] multiqc                                            [DEBUG  ]  No samples found: interop
[2021-08-19 05:47:33,153] multiqc                                            [DEBUG  ]  No samples found: ivar
[2021-08-19 05:47:33,160] multiqc                                            [DEBUG  ]  No samples found: flash
[2021-08-19 05:47:33,165] multiqc                                            [DEBUG  ]  No samples found: seqyclean
[2021-08-19 05:47:33,171] multiqc                                            [INFO   ]  Compressing plot data
[2021-08-19 05:47:33,259] multiqc                                            [INFO   ]  Report      : qc_reports/summary_mapped/multiqc_report.html
[2021-08-19 05:47:33,259] multiqc                                            [INFO   ]  Data        : qc_reports/summary_mapped/multiqc_data
[2021-08-19 05:47:33,259] multiqc                                            [DEBUG  ]  Moving data file from '/tmp/tmpp2h69krc/multiqc_data' to 'qc_reports/summary_mapped/multiqc_data'
[2021-08-19 05:47:33,488] multiqc                                            [INFO   ]  MultiQC complete
