[2021-08-19 05:47:38,485] multiqc                                            [DEBUG  ]  No MultiQC config found: /app/software/MultiQC/1.9-foss-2019b-Python-3.7.4/lib/python3.7/site-packages/multiqc_config.yaml
[2021-08-19 05:47:38,485] multiqc                                            [DEBUG  ]  No MultiQC config found: /home/dchen2/.multiqc_config.yaml
[2021-08-19 05:47:38,485] multiqc                                            [DEBUG  ]  No MultiQC config found: multiqc_config.yaml
[2021-08-19 05:47:38,485] multiqc                                            [DEBUG  ]  Command used: /app/software/MultiQC/1.9-foss-2019b-Python-3.7.4/bin/multiqc qc_reports/fastqc_raw qc_reports/fastqc_trimmed qc_reports/cutadapt_trimmed/ qc_reports/mapping_reads/ -o qc_reports/summary
[2021-08-19 05:47:39,158] multiqc                                            [WARNING]  MultiQC Version v1.11 now available!
[2021-08-19 05:47:39,159] multiqc                                            [INFO   ]  This is MultiQC v1.9
[2021-08-19 05:47:39,159] multiqc                                            [DEBUG  ]  Command     : /app/software/MultiQC/1.9-foss-2019b-Python-3.7.4/bin/multiqc qc_reports/fastqc_raw qc_reports/fastqc_trimmed qc_reports/cutadapt_trimmed/ qc_reports/mapping_reads/ -o qc_reports/summary
[2021-08-19 05:47:39,159] multiqc                                            [DEBUG  ]  Working dir : /home/dchen2/BULKATACSEQ_FOR_JWLEE
[2021-08-19 05:47:39,159] multiqc                                            [INFO   ]  Template    : default
[2021-08-19 05:47:39,159] multiqc                                            [DEBUG  ]  Running Python 3.7.4 (default, Mar 25 2020, 09:51:00)  [GCC 8.3.0]
[2021-08-19 05:47:39,159] multiqc                                            [INFO   ]  Searching   : /home/dchen2/BULKATACSEQ_FOR_JWLEE/qc_reports/fastqc_raw
[2021-08-19 05:47:39,160] multiqc                                            [INFO   ]  Searching   : /home/dchen2/BULKATACSEQ_FOR_JWLEE/qc_reports/fastqc_trimmed
[2021-08-19 05:47:39,160] multiqc                                            [INFO   ]  Searching   : /home/dchen2/BULKATACSEQ_FOR_JWLEE/qc_reports/cutadapt_trimmed
[2021-08-19 05:47:39,160] multiqc                                            [INFO   ]  Searching   : /home/dchen2/BULKATACSEQ_FOR_JWLEE/qc_reports/mapping_reads
[2021-08-19 05:47:39,161] multiqc                                            [DEBUG  ]  Analysing modules: custom_content, conpair, peddy, somalier, methylQA, mosdepth, phantompeakqualtools, qualimap, preseq, quast, qorts, rna_seqc, rockhopper, rsem, rseqc, busco, goleft_indexcov, disambiguate, supernova, deeptools, sargasso, verifybamid, mirtrace, happy, mirtop, homer, macs2, theta2, snpeff, gatk, htseq, bcftools, featureCounts, fgbio, dragen, dedup, damageprofiler, biobambam2, mtnucratio, picard, prokka, samblaster, samtools, sexdeterrmine, bamtools, jellyfish, vcftools, longranger, stacks, varscan2, bbmap, bismark, biscuit, hicexplorer, hicup, hicpro, salmon, kallisto, slamdunk, star, hisat2, tophat, bowtie2, bowtie1, snpsplit, kat, leehom, adapterRemoval, clipandmerge, cutadapt, flexbar, kaiju, kraken, malt, trimmomatic, sickle, skewer, sortmerna, biobloomtools, fastq_screen, afterqc, fastp, fastqc, pycoqc, minionqc, multivcfanalyzer, clusterflow, bcl2fastq, interop, ivar, flash, seqyclean
[2021-08-19 05:47:39,161] multiqc                                            [DEBUG  ]  Using temporary directory for creating report: /tmp/tmpjefvzpxl
[2021-08-19 05:47:39,392] multiqc                                            [DEBUG  ]  File ignored by hicexplorer because it exceeded search pattern filesize limit: ATAC_D0_repl_2_HDACi_S37_R2_001_fastqc.html
[2021-08-19 05:47:39,401] multiqc                                            [DEBUG  ]  File ignored by longranger/invocation because it exceeded search pattern filesize limit: ATAC_D0_repl_2_HDACi_S37_R2_001_fastqc.html
[2021-08-19 05:47:39,401] multiqc                                            [DEBUG  ]  File ignored by rockhopper because it exceeded search pattern filesize limit: ATAC_D0_repl_2_HDACi_S37_R2_001_fastqc.html
[2021-08-19 05:47:39,401] multiqc                                            [DEBUG  ]  File ignored by rseqc/bam_stat because it exceeded search pattern filesize limit: ATAC_D0_repl_2_HDACi_S37_R2_001_fastqc.html
[2021-08-19 05:47:39,401] multiqc                                            [DEBUG  ]  File ignored by rseqc/junction_annotation because it exceeded search pattern filesize limit: ATAC_D0_repl_2_HDACi_S37_R2_001_fastqc.html
[2021-08-19 05:47:39,401] multiqc                                            [DEBUG  ]  File ignored by rseqc/read_distribution because it exceeded search pattern filesize limit: ATAC_D0_repl_2_HDACi_S37_R2_001_fastqc.html
[2021-08-19 05:47:39,402] multiqc                                            [DEBUG  ]  File ignored by rseqc/infer_experiment because it exceeded search pattern filesize limit: ATAC_D0_repl_2_HDACi_S37_R2_001_fastqc.html
[2021-08-19 05:47:39,576] multiqc                                            [DEBUG  ]  File ignored by hicexplorer because it exceeded search pattern filesize limit: ATAC_D8_repl_2_LSD1i_S41_R1_001_fastqc.html
[2021-08-19 05:47:39,583] multiqc                                            [DEBUG  ]  File ignored by longranger/invocation because it exceeded search pattern filesize limit: ATAC_D8_repl_2_LSD1i_S41_R1_001_fastqc.html
[2021-08-19 05:47:39,584] multiqc                                            [DEBUG  ]  File ignored by rockhopper because it exceeded search pattern filesize limit: ATAC_D8_repl_2_LSD1i_S41_R1_001_fastqc.html
[2021-08-19 05:47:39,584] multiqc                                            [DEBUG  ]  File ignored by rseqc/bam_stat because it exceeded search pattern filesize limit: ATAC_D8_repl_2_LSD1i_S41_R1_001_fastqc.html
[2021-08-19 05:47:39,584] multiqc                                            [DEBUG  ]  File ignored by rseqc/junction_annotation because it exceeded search pattern filesize limit: ATAC_D8_repl_2_LSD1i_S41_R1_001_fastqc.html
[2021-08-19 05:47:39,584] multiqc                                            [DEBUG  ]  File ignored by rseqc/read_distribution because it exceeded search pattern filesize limit: ATAC_D8_repl_2_LSD1i_S41_R1_001_fastqc.html
[2021-08-19 05:47:39,584] multiqc                                            [DEBUG  ]  File ignored by rseqc/infer_experiment because it exceeded search pattern filesize limit: ATAC_D8_repl_2_LSD1i_S41_R1_001_fastqc.html
[2021-08-19 05:47:39,752] multiqc                                            [DEBUG  ]  File ignored by hicexplorer because it exceeded search pattern filesize limit: ATAC_D0_repl_2_HDACi_S37_R1_001_fastqc.html
[2021-08-19 05:47:39,760] multiqc                                            [DEBUG  ]  File ignored by longranger/invocation because it exceeded search pattern filesize limit: ATAC_D0_repl_2_HDACi_S37_R1_001_fastqc.html
[2021-08-19 05:47:39,760] multiqc                                            [DEBUG  ]  File ignored by rockhopper because it exceeded search pattern filesize limit: ATAC_D0_repl_2_HDACi_S37_R1_001_fastqc.html
[2021-08-19 05:47:39,761] multiqc                                            [DEBUG  ]  File ignored by rseqc/bam_stat because it exceeded search pattern filesize limit: ATAC_D0_repl_2_HDACi_S37_R1_001_fastqc.html
[2021-08-19 05:47:39,761] multiqc                                            [DEBUG  ]  File ignored by rseqc/junction_annotation because it exceeded search pattern filesize limit: ATAC_D0_repl_2_HDACi_S37_R1_001_fastqc.html
[2021-08-19 05:47:39,761] multiqc                                            [DEBUG  ]  File ignored by rseqc/read_distribution because it exceeded search pattern filesize limit: ATAC_D0_repl_2_HDACi_S37_R1_001_fastqc.html
[2021-08-19 05:47:39,761] multiqc                                            [DEBUG  ]  File ignored by rseqc/infer_experiment because it exceeded search pattern filesize limit: ATAC_D0_repl_2_HDACi_S37_R1_001_fastqc.html
[2021-08-19 05:47:39,929] multiqc                                            [DEBUG  ]  File ignored by hicexplorer because it exceeded search pattern filesize limit: ATAC_D0_repl_2_no_tx_S39_R2_001_fastqc.html
[2021-08-19 05:47:39,938] multiqc                                            [DEBUG  ]  File ignored by longranger/invocation because it exceeded search pattern filesize limit: ATAC_D0_repl_2_no_tx_S39_R2_001_fastqc.html
[2021-08-19 05:47:39,939] multiqc                                            [DEBUG  ]  File ignored by rockhopper because it exceeded search pattern filesize limit: ATAC_D0_repl_2_no_tx_S39_R2_001_fastqc.html
[2021-08-19 05:47:39,939] multiqc                                            [DEBUG  ]  File ignored by rseqc/bam_stat because it exceeded search pattern filesize limit: ATAC_D0_repl_2_no_tx_S39_R2_001_fastqc.html
[2021-08-19 05:47:39,939] multiqc                                            [DEBUG  ]  File ignored by rseqc/junction_annotation because it exceeded search pattern filesize limit: ATAC_D0_repl_2_no_tx_S39_R2_001_fastqc.html
[2021-08-19 05:47:39,939] multiqc                                            [DEBUG  ]  File ignored by rseqc/read_distribution because it exceeded search pattern filesize limit: ATAC_D0_repl_2_no_tx_S39_R2_001_fastqc.html
[2021-08-19 05:47:39,939] multiqc                                            [DEBUG  ]  File ignored by rseqc/infer_experiment because it exceeded search pattern filesize limit: ATAC_D0_repl_2_no_tx_S39_R2_001_fastqc.html
[2021-08-19 05:47:40,110] multiqc                                            [DEBUG  ]  File ignored by hicexplorer because it exceeded search pattern filesize limit: ATAC_D8_repl_2_no_tx_S42_R1_001_fastqc.html
[2021-08-19 05:47:40,118] multiqc                                            [DEBUG  ]  File ignored by longranger/invocation because it exceeded search pattern filesize limit: ATAC_D8_repl_2_no_tx_S42_R1_001_fastqc.html
[2021-08-19 05:47:40,118] multiqc                                            [DEBUG  ]  File ignored by rockhopper because it exceeded search pattern filesize limit: ATAC_D8_repl_2_no_tx_S42_R1_001_fastqc.html
[2021-08-19 05:47:40,118] multiqc                                            [DEBUG  ]  File ignored by rseqc/bam_stat because it exceeded search pattern filesize limit: ATAC_D8_repl_2_no_tx_S42_R1_001_fastqc.html
[2021-08-19 05:47:40,118] multiqc                                            [DEBUG  ]  File ignored by rseqc/junction_annotation because it exceeded search pattern filesize limit: ATAC_D8_repl_2_no_tx_S42_R1_001_fastqc.html
[2021-08-19 05:47:40,118] multiqc                                            [DEBUG  ]  File ignored by rseqc/read_distribution because it exceeded search pattern filesize limit: ATAC_D8_repl_2_no_tx_S42_R1_001_fastqc.html
[2021-08-19 05:47:40,118] multiqc                                            [DEBUG  ]  File ignored by rseqc/infer_experiment because it exceeded search pattern filesize limit: ATAC_D8_repl_2_no_tx_S42_R1_001_fastqc.html
[2021-08-19 05:47:40,271] multiqc                                            [DEBUG  ]  File ignored by hicexplorer because it exceeded search pattern filesize limit: ATAC_D8_repl_2_HDACi_S40_R2_001_fastqc.html
[2021-08-19 05:47:40,278] multiqc                                            [DEBUG  ]  File ignored by longranger/invocation because it exceeded search pattern filesize limit: ATAC_D8_repl_2_HDACi_S40_R2_001_fastqc.html
[2021-08-19 05:47:40,278] multiqc                                            [DEBUG  ]  File ignored by rockhopper because it exceeded search pattern filesize limit: ATAC_D8_repl_2_HDACi_S40_R2_001_fastqc.html
[2021-08-19 05:47:40,278] multiqc                                            [DEBUG  ]  File ignored by rseqc/bam_stat because it exceeded search pattern filesize limit: ATAC_D8_repl_2_HDACi_S40_R2_001_fastqc.html
[2021-08-19 05:47:40,279] multiqc                                            [DEBUG  ]  File ignored by rseqc/junction_annotation because it exceeded search pattern filesize limit: ATAC_D8_repl_2_HDACi_S40_R2_001_fastqc.html
[2021-08-19 05:47:40,279] multiqc                                            [DEBUG  ]  File ignored by rseqc/read_distribution because it exceeded search pattern filesize limit: ATAC_D8_repl_2_HDACi_S40_R2_001_fastqc.html
[2021-08-19 05:47:40,279] multiqc                                            [DEBUG  ]  File ignored by rseqc/infer_experiment because it exceeded search pattern filesize limit: ATAC_D8_repl_2_HDACi_S40_R2_001_fastqc.html
[2021-08-19 05:47:40,460] multiqc                                            [DEBUG  ]  File ignored by hicexplorer because it exceeded search pattern filesize limit: ATAC_D0_repl_2_LSD1i_S38_R1_001_fastqc.html
[2021-08-19 05:47:40,469] multiqc                                            [DEBUG  ]  File ignored by longranger/invocation because it exceeded search pattern filesize limit: ATAC_D0_repl_2_LSD1i_S38_R1_001_fastqc.html
[2021-08-19 05:47:40,470] multiqc                                            [DEBUG  ]  File ignored by rockhopper because it exceeded search pattern filesize limit: ATAC_D0_repl_2_LSD1i_S38_R1_001_fastqc.html
[2021-08-19 05:47:40,470] multiqc                                            [DEBUG  ]  File ignored by rseqc/bam_stat because it exceeded search pattern filesize limit: ATAC_D0_repl_2_LSD1i_S38_R1_001_fastqc.html
[2021-08-19 05:47:40,470] multiqc                                            [DEBUG  ]  File ignored by rseqc/junction_annotation because it exceeded search pattern filesize limit: ATAC_D0_repl_2_LSD1i_S38_R1_001_fastqc.html
[2021-08-19 05:47:40,470] multiqc                                            [DEBUG  ]  File ignored by rseqc/read_distribution because it exceeded search pattern filesize limit: ATAC_D0_repl_2_LSD1i_S38_R1_001_fastqc.html
[2021-08-19 05:47:40,470] multiqc                                            [DEBUG  ]  File ignored by rseqc/infer_experiment because it exceeded search pattern filesize limit: ATAC_D0_repl_2_LSD1i_S38_R1_001_fastqc.html
[2021-08-19 05:47:40,628] multiqc                                            [DEBUG  ]  File ignored by hicexplorer because it exceeded search pattern filesize limit: ATAC_D8_repl_2_LSD1i_S41_R2_001_fastqc.html
[2021-08-19 05:47:40,635] multiqc                                            [DEBUG  ]  File ignored by longranger/invocation because it exceeded search pattern filesize limit: ATAC_D8_repl_2_LSD1i_S41_R2_001_fastqc.html
[2021-08-19 05:47:40,635] multiqc                                            [DEBUG  ]  File ignored by rockhopper because it exceeded search pattern filesize limit: ATAC_D8_repl_2_LSD1i_S41_R2_001_fastqc.html
[2021-08-19 05:47:40,635] multiqc                                            [DEBUG  ]  File ignored by rseqc/bam_stat because it exceeded search pattern filesize limit: ATAC_D8_repl_2_LSD1i_S41_R2_001_fastqc.html
[2021-08-19 05:47:40,635] multiqc                                            [DEBUG  ]  File ignored by rseqc/junction_annotation because it exceeded search pattern filesize limit: ATAC_D8_repl_2_LSD1i_S41_R2_001_fastqc.html
[2021-08-19 05:47:40,635] multiqc                                            [DEBUG  ]  File ignored by rseqc/read_distribution because it exceeded search pattern filesize limit: ATAC_D8_repl_2_LSD1i_S41_R2_001_fastqc.html
[2021-08-19 05:47:40,636] multiqc                                            [DEBUG  ]  File ignored by rseqc/infer_experiment because it exceeded search pattern filesize limit: ATAC_D8_repl_2_LSD1i_S41_R2_001_fastqc.html
[2021-08-19 05:47:40,791] multiqc                                            [DEBUG  ]  File ignored by hicexplorer because it exceeded search pattern filesize limit: ATAC_D8_repl_2_no_tx_S42_R2_001_fastqc.html
[2021-08-19 05:47:40,798] multiqc                                            [DEBUG  ]  File ignored by longranger/invocation because it exceeded search pattern filesize limit: ATAC_D8_repl_2_no_tx_S42_R2_001_fastqc.html
[2021-08-19 05:47:40,799] multiqc                                            [DEBUG  ]  File ignored by rockhopper because it exceeded search pattern filesize limit: ATAC_D8_repl_2_no_tx_S42_R2_001_fastqc.html
[2021-08-19 05:47:40,799] multiqc                                            [DEBUG  ]  File ignored by rseqc/bam_stat because it exceeded search pattern filesize limit: ATAC_D8_repl_2_no_tx_S42_R2_001_fastqc.html
[2021-08-19 05:47:40,799] multiqc                                            [DEBUG  ]  File ignored by rseqc/junction_annotation because it exceeded search pattern filesize limit: ATAC_D8_repl_2_no_tx_S42_R2_001_fastqc.html
[2021-08-19 05:47:40,799] multiqc                                            [DEBUG  ]  File ignored by rseqc/read_distribution because it exceeded search pattern filesize limit: ATAC_D8_repl_2_no_tx_S42_R2_001_fastqc.html
[2021-08-19 05:47:40,799] multiqc                                            [DEBUG  ]  File ignored by rseqc/infer_experiment because it exceeded search pattern filesize limit: ATAC_D8_repl_2_no_tx_S42_R2_001_fastqc.html
[2021-08-19 05:47:40,961] multiqc                                            [DEBUG  ]  File ignored by hicexplorer because it exceeded search pattern filesize limit: ATAC_D8_repl_2_HDACi_S40_R1_001_fastqc.html
[2021-08-19 05:47:40,969] multiqc                                            [DEBUG  ]  File ignored by longranger/invocation because it exceeded search pattern filesize limit: ATAC_D8_repl_2_HDACi_S40_R1_001_fastqc.html
[2021-08-19 05:47:40,969] multiqc                                            [DEBUG  ]  File ignored by rockhopper because it exceeded search pattern filesize limit: ATAC_D8_repl_2_HDACi_S40_R1_001_fastqc.html
[2021-08-19 05:47:40,969] multiqc                                            [DEBUG  ]  File ignored by rseqc/bam_stat because it exceeded search pattern filesize limit: ATAC_D8_repl_2_HDACi_S40_R1_001_fastqc.html
[2021-08-19 05:47:40,969] multiqc                                            [DEBUG  ]  File ignored by rseqc/junction_annotation because it exceeded search pattern filesize limit: ATAC_D8_repl_2_HDACi_S40_R1_001_fastqc.html
[2021-08-19 05:47:40,969] multiqc                                            [DEBUG  ]  File ignored by rseqc/read_distribution because it exceeded search pattern filesize limit: ATAC_D8_repl_2_HDACi_S40_R1_001_fastqc.html
[2021-08-19 05:47:40,969] multiqc                                            [DEBUG  ]  File ignored by rseqc/infer_experiment because it exceeded search pattern filesize limit: ATAC_D8_repl_2_HDACi_S40_R1_001_fastqc.html
[2021-08-19 05:47:41,132] multiqc                                            [DEBUG  ]  File ignored by hicexplorer because it exceeded search pattern filesize limit: ATAC_D0_repl_2_no_tx_S39_R1_001_fastqc.html
[2021-08-19 05:47:41,140] multiqc                                            [DEBUG  ]  File ignored by longranger/invocation because it exceeded search pattern filesize limit: ATAC_D0_repl_2_no_tx_S39_R1_001_fastqc.html
[2021-08-19 05:47:41,140] multiqc                                            [DEBUG  ]  File ignored by rockhopper because it exceeded search pattern filesize limit: ATAC_D0_repl_2_no_tx_S39_R1_001_fastqc.html
[2021-08-19 05:47:41,140] multiqc                                            [DEBUG  ]  File ignored by rseqc/bam_stat because it exceeded search pattern filesize limit: ATAC_D0_repl_2_no_tx_S39_R1_001_fastqc.html
[2021-08-19 05:47:41,140] multiqc                                            [DEBUG  ]  File ignored by rseqc/junction_annotation because it exceeded search pattern filesize limit: ATAC_D0_repl_2_no_tx_S39_R1_001_fastqc.html
[2021-08-19 05:47:41,140] multiqc                                            [DEBUG  ]  File ignored by rseqc/read_distribution because it exceeded search pattern filesize limit: ATAC_D0_repl_2_no_tx_S39_R1_001_fastqc.html
[2021-08-19 05:47:41,140] multiqc                                            [DEBUG  ]  File ignored by rseqc/infer_experiment because it exceeded search pattern filesize limit: ATAC_D0_repl_2_no_tx_S39_R1_001_fastqc.html
[2021-08-19 05:47:41,299] multiqc                                            [DEBUG  ]  File ignored by hicexplorer because it exceeded search pattern filesize limit: ATAC_D0_repl_2_LSD1i_S38_R2_001_fastqc.html
[2021-08-19 05:47:41,306] multiqc                                            [DEBUG  ]  File ignored by longranger/invocation because it exceeded search pattern filesize limit: ATAC_D0_repl_2_LSD1i_S38_R2_001_fastqc.html
[2021-08-19 05:47:41,306] multiqc                                            [DEBUG  ]  File ignored by rockhopper because it exceeded search pattern filesize limit: ATAC_D0_repl_2_LSD1i_S38_R2_001_fastqc.html
[2021-08-19 05:47:41,306] multiqc                                            [DEBUG  ]  File ignored by rseqc/bam_stat because it exceeded search pattern filesize limit: ATAC_D0_repl_2_LSD1i_S38_R2_001_fastqc.html
[2021-08-19 05:47:41,306] multiqc                                            [DEBUG  ]  File ignored by rseqc/junction_annotation because it exceeded search pattern filesize limit: ATAC_D0_repl_2_LSD1i_S38_R2_001_fastqc.html
[2021-08-19 05:47:41,306] multiqc                                            [DEBUG  ]  File ignored by rseqc/read_distribution because it exceeded search pattern filesize limit: ATAC_D0_repl_2_LSD1i_S38_R2_001_fastqc.html
[2021-08-19 05:47:41,306] multiqc                                            [DEBUG  ]  File ignored by rseqc/infer_experiment because it exceeded search pattern filesize limit: ATAC_D0_repl_2_LSD1i_S38_R2_001_fastqc.html
[2021-08-19 05:47:41,456] multiqc                                            [DEBUG  ]  File ignored by hicexplorer because it exceeded search pattern filesize limit: ATAC_D8_repl_2_LSD1i_S41_trimmed_R1_001_fastqc.html
[2021-08-19 05:47:41,463] multiqc                                            [DEBUG  ]  File ignored by longranger/invocation because it exceeded search pattern filesize limit: ATAC_D8_repl_2_LSD1i_S41_trimmed_R1_001_fastqc.html
[2021-08-19 05:47:41,464] multiqc                                            [DEBUG  ]  File ignored by rockhopper because it exceeded search pattern filesize limit: ATAC_D8_repl_2_LSD1i_S41_trimmed_R1_001_fastqc.html
[2021-08-19 05:47:41,464] multiqc                                            [DEBUG  ]  File ignored by rseqc/bam_stat because it exceeded search pattern filesize limit: ATAC_D8_repl_2_LSD1i_S41_trimmed_R1_001_fastqc.html
[2021-08-19 05:47:41,464] multiqc                                            [DEBUG  ]  File ignored by rseqc/junction_annotation because it exceeded search pattern filesize limit: ATAC_D8_repl_2_LSD1i_S41_trimmed_R1_001_fastqc.html
[2021-08-19 05:47:41,464] multiqc                                            [DEBUG  ]  File ignored by rseqc/read_distribution because it exceeded search pattern filesize limit: ATAC_D8_repl_2_LSD1i_S41_trimmed_R1_001_fastqc.html
[2021-08-19 05:47:41,464] multiqc                                            [DEBUG  ]  File ignored by rseqc/infer_experiment because it exceeded search pattern filesize limit: ATAC_D8_repl_2_LSD1i_S41_trimmed_R1_001_fastqc.html
[2021-08-19 05:47:41,620] multiqc                                            [DEBUG  ]  File ignored by hicexplorer because it exceeded search pattern filesize limit: ATAC_D0_repl_2_no_tx_S39_trimmed_R2_001_fastqc.html
[2021-08-19 05:47:41,627] multiqc                                            [DEBUG  ]  File ignored by longranger/invocation because it exceeded search pattern filesize limit: ATAC_D0_repl_2_no_tx_S39_trimmed_R2_001_fastqc.html
[2021-08-19 05:47:41,627] multiqc                                            [DEBUG  ]  File ignored by rockhopper because it exceeded search pattern filesize limit: ATAC_D0_repl_2_no_tx_S39_trimmed_R2_001_fastqc.html
[2021-08-19 05:47:41,627] multiqc                                            [DEBUG  ]  File ignored by rseqc/bam_stat because it exceeded search pattern filesize limit: ATAC_D0_repl_2_no_tx_S39_trimmed_R2_001_fastqc.html
[2021-08-19 05:47:41,628] multiqc                                            [DEBUG  ]  File ignored by rseqc/junction_annotation because it exceeded search pattern filesize limit: ATAC_D0_repl_2_no_tx_S39_trimmed_R2_001_fastqc.html
[2021-08-19 05:47:41,628] multiqc                                            [DEBUG  ]  File ignored by rseqc/read_distribution because it exceeded search pattern filesize limit: ATAC_D0_repl_2_no_tx_S39_trimmed_R2_001_fastqc.html
[2021-08-19 05:47:41,628] multiqc                                            [DEBUG  ]  File ignored by rseqc/infer_experiment because it exceeded search pattern filesize limit: ATAC_D0_repl_2_no_tx_S39_trimmed_R2_001_fastqc.html
[2021-08-19 05:47:41,781] multiqc                                            [DEBUG  ]  File ignored by hicexplorer because it exceeded search pattern filesize limit: ATAC_D0_repl_2_LSD1i_S38_trimmed_R1_001_fastqc.html
[2021-08-19 05:47:41,789] multiqc                                            [DEBUG  ]  File ignored by longranger/invocation because it exceeded search pattern filesize limit: ATAC_D0_repl_2_LSD1i_S38_trimmed_R1_001_fastqc.html
[2021-08-19 05:47:41,789] multiqc                                            [DEBUG  ]  File ignored by rockhopper because it exceeded search pattern filesize limit: ATAC_D0_repl_2_LSD1i_S38_trimmed_R1_001_fastqc.html
[2021-08-19 05:47:41,789] multiqc                                            [DEBUG  ]  File ignored by rseqc/bam_stat because it exceeded search pattern filesize limit: ATAC_D0_repl_2_LSD1i_S38_trimmed_R1_001_fastqc.html
[2021-08-19 05:47:41,789] multiqc                                            [DEBUG  ]  File ignored by rseqc/junction_annotation because it exceeded search pattern filesize limit: ATAC_D0_repl_2_LSD1i_S38_trimmed_R1_001_fastqc.html
[2021-08-19 05:47:41,789] multiqc                                            [DEBUG  ]  File ignored by rseqc/read_distribution because it exceeded search pattern filesize limit: ATAC_D0_repl_2_LSD1i_S38_trimmed_R1_001_fastqc.html
[2021-08-19 05:47:41,789] multiqc                                            [DEBUG  ]  File ignored by rseqc/infer_experiment because it exceeded search pattern filesize limit: ATAC_D0_repl_2_LSD1i_S38_trimmed_R1_001_fastqc.html
[2021-08-19 05:47:41,957] multiqc                                            [DEBUG  ]  File ignored by hicexplorer because it exceeded search pattern filesize limit: ATAC_D0_repl_2_LSD1i_S38_trimmed_R2_001_fastqc.html
[2021-08-19 05:47:41,964] multiqc                                            [DEBUG  ]  File ignored by longranger/invocation because it exceeded search pattern filesize limit: ATAC_D0_repl_2_LSD1i_S38_trimmed_R2_001_fastqc.html
[2021-08-19 05:47:41,964] multiqc                                            [DEBUG  ]  File ignored by rockhopper because it exceeded search pattern filesize limit: ATAC_D0_repl_2_LSD1i_S38_trimmed_R2_001_fastqc.html
[2021-08-19 05:47:41,964] multiqc                                            [DEBUG  ]  File ignored by rseqc/bam_stat because it exceeded search pattern filesize limit: ATAC_D0_repl_2_LSD1i_S38_trimmed_R2_001_fastqc.html
[2021-08-19 05:47:41,964] multiqc                                            [DEBUG  ]  File ignored by rseqc/junction_annotation because it exceeded search pattern filesize limit: ATAC_D0_repl_2_LSD1i_S38_trimmed_R2_001_fastqc.html
[2021-08-19 05:47:41,964] multiqc                                            [DEBUG  ]  File ignored by rseqc/read_distribution because it exceeded search pattern filesize limit: ATAC_D0_repl_2_LSD1i_S38_trimmed_R2_001_fastqc.html
[2021-08-19 05:47:41,965] multiqc                                            [DEBUG  ]  File ignored by rseqc/infer_experiment because it exceeded search pattern filesize limit: ATAC_D0_repl_2_LSD1i_S38_trimmed_R2_001_fastqc.html
[2021-08-19 05:47:42,125] multiqc                                            [DEBUG  ]  File ignored by hicexplorer because it exceeded search pattern filesize limit: ATAC_D8_repl_2_HDACi_S40_trimmed_R1_001_fastqc.html
[2021-08-19 05:47:42,133] multiqc                                            [DEBUG  ]  File ignored by longranger/invocation because it exceeded search pattern filesize limit: ATAC_D8_repl_2_HDACi_S40_trimmed_R1_001_fastqc.html
[2021-08-19 05:47:42,133] multiqc                                            [DEBUG  ]  File ignored by rockhopper because it exceeded search pattern filesize limit: ATAC_D8_repl_2_HDACi_S40_trimmed_R1_001_fastqc.html
[2021-08-19 05:47:42,133] multiqc                                            [DEBUG  ]  File ignored by rseqc/bam_stat because it exceeded search pattern filesize limit: ATAC_D8_repl_2_HDACi_S40_trimmed_R1_001_fastqc.html
[2021-08-19 05:47:42,133] multiqc                                            [DEBUG  ]  File ignored by rseqc/junction_annotation because it exceeded search pattern filesize limit: ATAC_D8_repl_2_HDACi_S40_trimmed_R1_001_fastqc.html
[2021-08-19 05:47:42,133] multiqc                                            [DEBUG  ]  File ignored by rseqc/read_distribution because it exceeded search pattern filesize limit: ATAC_D8_repl_2_HDACi_S40_trimmed_R1_001_fastqc.html
[2021-08-19 05:47:42,133] multiqc                                            [DEBUG  ]  File ignored by rseqc/infer_experiment because it exceeded search pattern filesize limit: ATAC_D8_repl_2_HDACi_S40_trimmed_R1_001_fastqc.html
[2021-08-19 05:47:42,296] multiqc                                            [DEBUG  ]  File ignored by hicexplorer because it exceeded search pattern filesize limit: ATAC_D8_repl_2_no_tx_S42_trimmed_R1_001_fastqc.html
[2021-08-19 05:47:42,303] multiqc                                            [DEBUG  ]  File ignored by longranger/invocation because it exceeded search pattern filesize limit: ATAC_D8_repl_2_no_tx_S42_trimmed_R1_001_fastqc.html
[2021-08-19 05:47:42,303] multiqc                                            [DEBUG  ]  File ignored by rockhopper because it exceeded search pattern filesize limit: ATAC_D8_repl_2_no_tx_S42_trimmed_R1_001_fastqc.html
[2021-08-19 05:47:42,303] multiqc                                            [DEBUG  ]  File ignored by rseqc/bam_stat because it exceeded search pattern filesize limit: ATAC_D8_repl_2_no_tx_S42_trimmed_R1_001_fastqc.html
[2021-08-19 05:47:42,303] multiqc                                            [DEBUG  ]  File ignored by rseqc/junction_annotation because it exceeded search pattern filesize limit: ATAC_D8_repl_2_no_tx_S42_trimmed_R1_001_fastqc.html
[2021-08-19 05:47:42,303] multiqc                                            [DEBUG  ]  File ignored by rseqc/read_distribution because it exceeded search pattern filesize limit: ATAC_D8_repl_2_no_tx_S42_trimmed_R1_001_fastqc.html
[2021-08-19 05:47:42,303] multiqc                                            [DEBUG  ]  File ignored by rseqc/infer_experiment because it exceeded search pattern filesize limit: ATAC_D8_repl_2_no_tx_S42_trimmed_R1_001_fastqc.html
[2021-08-19 05:47:42,466] multiqc                                            [DEBUG  ]  File ignored by hicexplorer because it exceeded search pattern filesize limit: ATAC_D8_repl_2_LSD1i_S41_trimmed_R2_001_fastqc.html
[2021-08-19 05:47:42,474] multiqc                                            [DEBUG  ]  File ignored by longranger/invocation because it exceeded search pattern filesize limit: ATAC_D8_repl_2_LSD1i_S41_trimmed_R2_001_fastqc.html
[2021-08-19 05:47:42,474] multiqc                                            [DEBUG  ]  File ignored by rockhopper because it exceeded search pattern filesize limit: ATAC_D8_repl_2_LSD1i_S41_trimmed_R2_001_fastqc.html
[2021-08-19 05:47:42,474] multiqc                                            [DEBUG  ]  File ignored by rseqc/bam_stat because it exceeded search pattern filesize limit: ATAC_D8_repl_2_LSD1i_S41_trimmed_R2_001_fastqc.html
[2021-08-19 05:47:42,474] multiqc                                            [DEBUG  ]  File ignored by rseqc/junction_annotation because it exceeded search pattern filesize limit: ATAC_D8_repl_2_LSD1i_S41_trimmed_R2_001_fastqc.html
[2021-08-19 05:47:42,474] multiqc                                            [DEBUG  ]  File ignored by rseqc/read_distribution because it exceeded search pattern filesize limit: ATAC_D8_repl_2_LSD1i_S41_trimmed_R2_001_fastqc.html
[2021-08-19 05:47:42,474] multiqc                                            [DEBUG  ]  File ignored by rseqc/infer_experiment because it exceeded search pattern filesize limit: ATAC_D8_repl_2_LSD1i_S41_trimmed_R2_001_fastqc.html
[2021-08-19 05:47:42,672] multiqc                                            [DEBUG  ]  File ignored by hicexplorer because it exceeded search pattern filesize limit: ATAC_D0_repl_2_HDACi_S37_trimmed_R1_001_fastqc.html
[2021-08-19 05:47:42,680] multiqc                                            [DEBUG  ]  File ignored by longranger/invocation because it exceeded search pattern filesize limit: ATAC_D0_repl_2_HDACi_S37_trimmed_R1_001_fastqc.html
[2021-08-19 05:47:42,680] multiqc                                            [DEBUG  ]  File ignored by rockhopper because it exceeded search pattern filesize limit: ATAC_D0_repl_2_HDACi_S37_trimmed_R1_001_fastqc.html
[2021-08-19 05:47:42,680] multiqc                                            [DEBUG  ]  File ignored by rseqc/bam_stat because it exceeded search pattern filesize limit: ATAC_D0_repl_2_HDACi_S37_trimmed_R1_001_fastqc.html
[2021-08-19 05:47:42,680] multiqc                                            [DEBUG  ]  File ignored by rseqc/junction_annotation because it exceeded search pattern filesize limit: ATAC_D0_repl_2_HDACi_S37_trimmed_R1_001_fastqc.html
[2021-08-19 05:47:42,680] multiqc                                            [DEBUG  ]  File ignored by rseqc/read_distribution because it exceeded search pattern filesize limit: ATAC_D0_repl_2_HDACi_S37_trimmed_R1_001_fastqc.html
[2021-08-19 05:47:42,680] multiqc                                            [DEBUG  ]  File ignored by rseqc/infer_experiment because it exceeded search pattern filesize limit: ATAC_D0_repl_2_HDACi_S37_trimmed_R1_001_fastqc.html
[2021-08-19 05:47:42,846] multiqc                                            [DEBUG  ]  File ignored by hicexplorer because it exceeded search pattern filesize limit: ATAC_D8_repl_2_HDACi_S40_trimmed_R2_001_fastqc.html
[2021-08-19 05:47:42,853] multiqc                                            [DEBUG  ]  File ignored by longranger/invocation because it exceeded search pattern filesize limit: ATAC_D8_repl_2_HDACi_S40_trimmed_R2_001_fastqc.html
[2021-08-19 05:47:42,853] multiqc                                            [DEBUG  ]  File ignored by rockhopper because it exceeded search pattern filesize limit: ATAC_D8_repl_2_HDACi_S40_trimmed_R2_001_fastqc.html
[2021-08-19 05:47:42,853] multiqc                                            [DEBUG  ]  File ignored by rseqc/bam_stat because it exceeded search pattern filesize limit: ATAC_D8_repl_2_HDACi_S40_trimmed_R2_001_fastqc.html
[2021-08-19 05:47:42,853] multiqc                                            [DEBUG  ]  File ignored by rseqc/junction_annotation because it exceeded search pattern filesize limit: ATAC_D8_repl_2_HDACi_S40_trimmed_R2_001_fastqc.html
[2021-08-19 05:47:42,853] multiqc                                            [DEBUG  ]  File ignored by rseqc/read_distribution because it exceeded search pattern filesize limit: ATAC_D8_repl_2_HDACi_S40_trimmed_R2_001_fastqc.html
[2021-08-19 05:47:42,853] multiqc                                            [DEBUG  ]  File ignored by rseqc/infer_experiment because it exceeded search pattern filesize limit: ATAC_D8_repl_2_HDACi_S40_trimmed_R2_001_fastqc.html
[2021-08-19 05:47:43,003] multiqc                                            [DEBUG  ]  File ignored by hicexplorer because it exceeded search pattern filesize limit: ATAC_D8_repl_2_no_tx_S42_trimmed_R2_001_fastqc.html
[2021-08-19 05:47:43,010] multiqc                                            [DEBUG  ]  File ignored by longranger/invocation because it exceeded search pattern filesize limit: ATAC_D8_repl_2_no_tx_S42_trimmed_R2_001_fastqc.html
[2021-08-19 05:47:43,011] multiqc                                            [DEBUG  ]  File ignored by rockhopper because it exceeded search pattern filesize limit: ATAC_D8_repl_2_no_tx_S42_trimmed_R2_001_fastqc.html
[2021-08-19 05:47:43,011] multiqc                                            [DEBUG  ]  File ignored by rseqc/bam_stat because it exceeded search pattern filesize limit: ATAC_D8_repl_2_no_tx_S42_trimmed_R2_001_fastqc.html
[2021-08-19 05:47:43,011] multiqc                                            [DEBUG  ]  File ignored by rseqc/junction_annotation because it exceeded search pattern filesize limit: ATAC_D8_repl_2_no_tx_S42_trimmed_R2_001_fastqc.html
[2021-08-19 05:47:43,011] multiqc                                            [DEBUG  ]  File ignored by rseqc/read_distribution because it exceeded search pattern filesize limit: ATAC_D8_repl_2_no_tx_S42_trimmed_R2_001_fastqc.html
[2021-08-19 05:47:43,011] multiqc                                            [DEBUG  ]  File ignored by rseqc/infer_experiment because it exceeded search pattern filesize limit: ATAC_D8_repl_2_no_tx_S42_trimmed_R2_001_fastqc.html
[2021-08-19 05:47:43,186] multiqc                                            [DEBUG  ]  File ignored by hicexplorer because it exceeded search pattern filesize limit: ATAC_D0_repl_2_HDACi_S37_trimmed_R2_001_fastqc.html
[2021-08-19 05:47:43,194] multiqc                                            [DEBUG  ]  File ignored by longranger/invocation because it exceeded search pattern filesize limit: ATAC_D0_repl_2_HDACi_S37_trimmed_R2_001_fastqc.html
[2021-08-19 05:47:43,194] multiqc                                            [DEBUG  ]  File ignored by rockhopper because it exceeded search pattern filesize limit: ATAC_D0_repl_2_HDACi_S37_trimmed_R2_001_fastqc.html
[2021-08-19 05:47:43,195] multiqc                                            [DEBUG  ]  File ignored by rseqc/bam_stat because it exceeded search pattern filesize limit: ATAC_D0_repl_2_HDACi_S37_trimmed_R2_001_fastqc.html
[2021-08-19 05:47:43,195] multiqc                                            [DEBUG  ]  File ignored by rseqc/junction_annotation because it exceeded search pattern filesize limit: ATAC_D0_repl_2_HDACi_S37_trimmed_R2_001_fastqc.html
[2021-08-19 05:47:43,195] multiqc                                            [DEBUG  ]  File ignored by rseqc/read_distribution because it exceeded search pattern filesize limit: ATAC_D0_repl_2_HDACi_S37_trimmed_R2_001_fastqc.html
[2021-08-19 05:47:43,195] multiqc                                            [DEBUG  ]  File ignored by rseqc/infer_experiment because it exceeded search pattern filesize limit: ATAC_D0_repl_2_HDACi_S37_trimmed_R2_001_fastqc.html
[2021-08-19 05:47:43,354] multiqc                                            [DEBUG  ]  File ignored by hicexplorer because it exceeded search pattern filesize limit: ATAC_D0_repl_2_no_tx_S39_trimmed_R1_001_fastqc.html
[2021-08-19 05:47:43,362] multiqc                                            [DEBUG  ]  File ignored by longranger/invocation because it exceeded search pattern filesize limit: ATAC_D0_repl_2_no_tx_S39_trimmed_R1_001_fastqc.html
[2021-08-19 05:47:43,362] multiqc                                            [DEBUG  ]  File ignored by rockhopper because it exceeded search pattern filesize limit: ATAC_D0_repl_2_no_tx_S39_trimmed_R1_001_fastqc.html
[2021-08-19 05:47:43,362] multiqc                                            [DEBUG  ]  File ignored by rseqc/bam_stat because it exceeded search pattern filesize limit: ATAC_D0_repl_2_no_tx_S39_trimmed_R1_001_fastqc.html
[2021-08-19 05:47:43,362] multiqc                                            [DEBUG  ]  File ignored by rseqc/junction_annotation because it exceeded search pattern filesize limit: ATAC_D0_repl_2_no_tx_S39_trimmed_R1_001_fastqc.html
[2021-08-19 05:47:43,362] multiqc                                            [DEBUG  ]  File ignored by rseqc/read_distribution because it exceeded search pattern filesize limit: ATAC_D0_repl_2_no_tx_S39_trimmed_R1_001_fastqc.html
[2021-08-19 05:47:43,362] multiqc                                            [DEBUG  ]  File ignored by rseqc/infer_experiment because it exceeded search pattern filesize limit: ATAC_D0_repl_2_no_tx_S39_trimmed_R1_001_fastqc.html
[2021-08-19 05:47:43,509] multiqc                                            [DEBUG  ]  File ignored by longranger/invocation because it exceeded search pattern filesize limit: ATAC_D8_repl_2_LSD1i_S41_R1_001.cutadapt.out
[2021-08-19 05:47:43,551] multiqc                                            [DEBUG  ]  File ignored by longranger/invocation because it exceeded search pattern filesize limit: ATAC_D0_repl_2_no_tx_S39_R1_001.cutadapt.out
[2021-08-19 05:47:43,593] multiqc                                            [DEBUG  ]  File ignored by longranger/invocation because it exceeded search pattern filesize limit: ATAC_D8_repl_2_no_tx_S42_R1_001.cutadapt.out
[2021-08-19 05:47:43,637] multiqc                                            [DEBUG  ]  File ignored by longranger/invocation because it exceeded search pattern filesize limit: ATAC_D0_repl_2_HDACi_S37_R1_001.cutadapt.out
[2021-08-19 05:47:43,680] multiqc                                            [DEBUG  ]  File ignored by longranger/invocation because it exceeded search pattern filesize limit: ATAC_D8_repl_2_HDACi_S40_R1_001.cutadapt.out
[2021-08-19 05:47:43,722] multiqc                                            [DEBUG  ]  File ignored by longranger/invocation because it exceeded search pattern filesize limit: ATAC_D0_repl_2_LSD1i_S38_R1_001.cutadapt.out
[2021-08-19 05:47:43,758] multiqc                                            [DEBUG  ]  File ignored by hicexplorer because it exceeded search pattern filesize limit: ATAC_D0_repl_2_LSD1i_S38_trimmed_marked_dup_metrics.txt
[2021-08-19 05:47:43,765] multiqc                                            [DEBUG  ]  File ignored by longranger/invocation because it exceeded search pattern filesize limit: ATAC_D0_repl_2_LSD1i_S38_trimmed_marked_dup_metrics.txt
[2021-08-19 05:47:43,899] multiqc                                            [DEBUG  ]  File ignored by hicexplorer because it exceeded search pattern filesize limit: ATAC_D8_repl_2_HDACi_S40_trimmed_marked_dup_metrics.txt
[2021-08-19 05:47:43,906] multiqc                                            [DEBUG  ]  File ignored by longranger/invocation because it exceeded search pattern filesize limit: ATAC_D8_repl_2_HDACi_S40_trimmed_marked_dup_metrics.txt
[2021-08-19 05:47:44,050] multiqc                                            [DEBUG  ]  File ignored by hicexplorer because it exceeded search pattern filesize limit: rseqc.geneBodyCoverage.r
[2021-08-19 05:47:44,057] multiqc                                            [DEBUG  ]  File ignored by longranger/invocation because it exceeded search pattern filesize limit: rseqc.geneBodyCoverage.r
[2021-08-19 05:47:44,090] multiqc                                            [DEBUG  ]  File ignored by hicexplorer because it exceeded search pattern filesize limit: ATAC_D8_repl_2_no_tx_S42_trimmed_marked_dup_metrics.txt
[2021-08-19 05:47:44,097] multiqc                                            [DEBUG  ]  File ignored by longranger/invocation because it exceeded search pattern filesize limit: ATAC_D8_repl_2_no_tx_S42_trimmed_marked_dup_metrics.txt
[2021-08-19 05:47:44,148] multiqc                                            [DEBUG  ]  File ignored by hicexplorer because it exceeded search pattern filesize limit: ATAC_D0_repl_2_no_tx_S39_trimmed_marked_dup_metrics.txt
[2021-08-19 05:47:44,155] multiqc                                            [DEBUG  ]  File ignored by longranger/invocation because it exceeded search pattern filesize limit: ATAC_D0_repl_2_no_tx_S39_trimmed_marked_dup_metrics.txt
[2021-08-19 05:47:44,200] multiqc                                            [DEBUG  ]  File ignored by hicexplorer because it exceeded search pattern filesize limit: ATAC_D8_repl_2_HDACi_S40_trimmed_Log.out
[2021-08-19 05:47:44,208] multiqc                                            [DEBUG  ]  File ignored by longranger/invocation because it exceeded search pattern filesize limit: ATAC_D8_repl_2_HDACi_S40_trimmed_Log.out
[2021-08-19 05:47:44,252] multiqc                                            [DEBUG  ]  File ignored by hicexplorer because it exceeded search pattern filesize limit: ATAC_D8_repl_2_no_tx_S42_trimmed_Log.out
[2021-08-19 05:47:44,259] multiqc                                            [DEBUG  ]  File ignored by longranger/invocation because it exceeded search pattern filesize limit: ATAC_D8_repl_2_no_tx_S42_trimmed_Log.out
[2021-08-19 05:47:44,367] multiqc                                            [DEBUG  ]  File ignored by hicexplorer because it exceeded search pattern filesize limit: ATAC_D0_repl_2_HDACi_S37_trimmed_Log.out
[2021-08-19 05:47:44,375] multiqc                                            [DEBUG  ]  File ignored by longranger/invocation because it exceeded search pattern filesize limit: ATAC_D0_repl_2_HDACi_S37_trimmed_Log.out
[2021-08-19 05:47:44,490] multiqc                                            [DEBUG  ]  File ignored by hicexplorer because it exceeded search pattern filesize limit: ATAC_D0_repl_2_LSD1i_S38_trimmed_Log.out
[2021-08-19 05:47:44,498] multiqc                                            [DEBUG  ]  File ignored by longranger/invocation because it exceeded search pattern filesize limit: ATAC_D0_repl_2_LSD1i_S38_trimmed_Log.out
[2021-08-19 05:47:44,565] multiqc                                            [DEBUG  ]  File ignored by hicexplorer because it exceeded search pattern filesize limit: ATAC_D0_repl_2_no_tx_S39_trimmed_Log.out
[2021-08-19 05:47:44,573] multiqc                                            [DEBUG  ]  File ignored by longranger/invocation because it exceeded search pattern filesize limit: ATAC_D0_repl_2_no_tx_S39_trimmed_Log.out
[2021-08-19 05:47:44,617] multiqc                                            [DEBUG  ]  File ignored by hicexplorer because it exceeded search pattern filesize limit: ATAC_D0_repl_2_HDACi_S37_trimmed_marked_dup_metrics.txt
[2021-08-19 05:47:44,624] multiqc                                            [DEBUG  ]  File ignored by longranger/invocation because it exceeded search pattern filesize limit: ATAC_D0_repl_2_HDACi_S37_trimmed_marked_dup_metrics.txt
[2021-08-19 05:47:44,702] multiqc                                            [DEBUG  ]  File ignored by hicexplorer because it exceeded search pattern filesize limit: ATAC_D8_repl_2_LSD1i_S41_trimmed_marked_dup_metrics.txt
[2021-08-19 05:47:44,709] multiqc                                            [DEBUG  ]  File ignored by longranger/invocation because it exceeded search pattern filesize limit: ATAC_D8_repl_2_LSD1i_S41_trimmed_marked_dup_metrics.txt
[2021-08-19 05:47:44,801] multiqc                                            [DEBUG  ]  File ignored by hicexplorer because it exceeded search pattern filesize limit: ATAC_D8_repl_2_LSD1i_S41_trimmed_Log.out
[2021-08-19 05:47:44,808] multiqc                                            [DEBUG  ]  File ignored by longranger/invocation because it exceeded search pattern filesize limit: ATAC_D8_repl_2_LSD1i_S41_trimmed_Log.out
[2021-08-19 05:47:45,229] multiqc.plots.bargraph                             [DEBUG  ]  Using matplotlib version 3.1.1
[2021-08-19 05:47:45,230] multiqc.plots.linegraph                            [DEBUG  ]  Using matplotlib version 3.1.1
[2021-08-19 05:47:45,231] multiqc                                            [DEBUG  ]  No samples found: custom_content
[2021-08-19 05:47:45,235] multiqc                                            [DEBUG  ]  No samples found: conpair
[2021-08-19 05:47:45,239] multiqc                                            [DEBUG  ]  No samples found: peddy
[2021-08-19 05:47:45,243] multiqc                                            [DEBUG  ]  No samples found: somalier
[2021-08-19 05:47:45,247] multiqc                                            [DEBUG  ]  No samples found: methylQA
[2021-08-19 05:47:45,252] multiqc                                            [DEBUG  ]  No samples found: mosdepth
[2021-08-19 05:47:45,256] multiqc                                            [DEBUG  ]  No samples found: phantompeakqualtools
[2021-08-19 05:47:45,259] multiqc                                            [DEBUG  ]  No samples found: qualimap
[2021-08-19 05:47:45,262] multiqc                                            [DEBUG  ]  No samples found: preseq
[2021-08-19 05:47:45,266] multiqc                                            [DEBUG  ]  No samples found: quast
[2021-08-19 05:47:45,270] multiqc                                            [DEBUG  ]  No samples found: qorts
[2021-08-19 05:47:45,274] multiqc                                            [DEBUG  ]  No samples found: rna_seqc
[2021-08-19 05:47:45,277] multiqc                                            [DEBUG  ]  No samples found: rockhopper
[2021-08-19 05:47:45,281] multiqc                                            [DEBUG  ]  No samples found: rsem
[2021-08-19 05:47:45,297] multiqc.modules.rseqc.rseqc                        [INFO   ]  Found 6 read_distribution reports
[2021-08-19 05:47:45,304] multiqc.modules.rseqc.rseqc                        [INFO   ]  Found 6 gene_body_coverage reports
[2021-08-19 05:47:45,311] multiqc.modules.rseqc.rseqc                        [INFO   ]  Found 6 infer_experiment reports
[2021-08-19 05:47:45,316] multiqc                                            [DEBUG  ]  No samples found: busco
[2021-08-19 05:47:45,320] multiqc                                            [DEBUG  ]  No samples found: goleft_indexcov
[2021-08-19 05:47:45,324] multiqc                                            [DEBUG  ]  No samples found: disambiguate
[2021-08-19 05:47:45,329] multiqc                                            [DEBUG  ]  No samples found: supernova
[2021-08-19 05:47:45,336] multiqc                                            [DEBUG  ]  No samples found: deeptools
[2021-08-19 05:47:45,340] multiqc                                            [DEBUG  ]  No samples found: sargasso
[2021-08-19 05:47:45,344] multiqc                                            [DEBUG  ]  No samples found: verifybamid
[2021-08-19 05:47:45,348] multiqc                                            [DEBUG  ]  No samples found: mirtrace
[2021-08-19 05:47:45,351] multiqc                                            [DEBUG  ]  No samples found: happy
[2021-08-19 05:47:45,355] multiqc                                            [DEBUG  ]  No samples found: mirtop
[2021-08-19 05:47:45,360] multiqc                                            [DEBUG  ]  No samples found: homer
[2021-08-19 05:47:45,363] multiqc                                            [DEBUG  ]  No samples found: macs2
[2021-08-19 05:47:45,367] multiqc                                            [DEBUG  ]  No samples found: theta2
[2021-08-19 05:47:45,370] multiqc                                            [DEBUG  ]  No samples found: snpeff
[2021-08-19 05:47:45,375] multiqc                                            [DEBUG  ]  No samples found: gatk
[2021-08-19 05:47:45,379] multiqc                                            [DEBUG  ]  No samples found: htseq
[2021-08-19 05:47:45,383] multiqc                                            [DEBUG  ]  No samples found: bcftools
[2021-08-19 05:47:45,387] multiqc                                            [DEBUG  ]  No samples found: featureCounts
[2021-08-19 05:47:45,391] multiqc                                            [DEBUG  ]  No samples found: fgbio
[2021-08-19 05:47:45,399] multiqc                                            [DEBUG  ]  No samples found: dragen
[2021-08-19 05:47:45,403] multiqc                                            [DEBUG  ]  No samples found: dedup
[2021-08-19 05:47:45,407] multiqc                                            [DEBUG  ]  No samples found: damageprofiler
[2021-08-19 05:47:45,420] multiqc                                            [DEBUG  ]  No samples found: biobambam2
[2021-08-19 05:47:45,424] multiqc                                            [DEBUG  ]  No samples found: mtnucratio
[2021-08-19 05:47:45,434] multiqc.modules.picard.picard                      [INFO   ]  Found 6 MarkDuplicates reports
[2021-08-19 05:47:45,442] multiqc                                            [DEBUG  ]  No samples found: prokka
[2021-08-19 05:47:45,446] multiqc                                            [DEBUG  ]  No samples found: samblaster
[2021-08-19 05:47:45,479] multiqc.modules.samtools.samtools                  [INFO   ]  Found 6 idxstats reports
[2021-08-19 05:47:45,482] multiqc                                            [DEBUG  ]  No samples found: sexdeterrmine
[2021-08-19 05:47:45,486] multiqc                                            [DEBUG  ]  No samples found: bamtools
[2021-08-19 05:47:45,489] multiqc                                            [DEBUG  ]  No samples found: jellyfish
[2021-08-19 05:47:45,495] multiqc                                            [DEBUG  ]  No samples found: vcftools
[2021-08-19 05:47:45,500] multiqc                                            [DEBUG  ]  No samples found: longranger
[2021-08-19 05:47:45,504] multiqc                                            [DEBUG  ]  No samples found: stacks
[2021-08-19 05:47:45,508] multiqc                                            [DEBUG  ]  No samples found: varscan2
[2021-08-19 05:47:45,516] multiqc                                            [DEBUG  ]  No samples found: bbmap
[2021-08-19 05:47:45,587] multiqc                                            [DEBUG  ]  No samples found: bismark
[2021-08-19 05:47:45,591] multiqc                                            [DEBUG  ]  No samples found: biscuit
[2021-08-19 05:47:45,595] multiqc                                            [DEBUG  ]  No samples found: hicexplorer
[2021-08-19 05:47:45,599] multiqc                                            [DEBUG  ]  No samples found: hicup
[2021-08-19 05:47:45,602] multiqc                                            [DEBUG  ]  No samples found: hicpro
[2021-08-19 05:47:45,605] multiqc                                            [DEBUG  ]  No samples found: salmon
[2021-08-19 05:47:45,609] multiqc                                            [DEBUG  ]  No samples found: kallisto
[2021-08-19 05:47:45,613] multiqc                                            [DEBUG  ]  No samples found: slamdunk
[2021-08-19 05:47:45,625] multiqc.modules.star.star                          [INFO   ]  Found 6 reports
[2021-08-19 05:47:45,629] multiqc                                            [DEBUG  ]  No samples found: hisat2
[2021-08-19 05:47:45,633] multiqc                                            [DEBUG  ]  No samples found: tophat
[2021-08-19 05:47:45,637] multiqc                                            [DEBUG  ]  No samples found: bowtie2
[2021-08-19 05:47:45,641] multiqc                                            [DEBUG  ]  No samples found: bowtie1
[2021-08-19 05:47:45,644] multiqc                                            [DEBUG  ]  No samples found: snpsplit
[2021-08-19 05:47:45,648] multiqc                                            [DEBUG  ]  No samples found: kat
[2021-08-19 05:47:45,652] multiqc                                            [DEBUG  ]  No samples found: leehom
[2021-08-19 05:47:45,655] multiqc                                            [DEBUG  ]  No samples found: adapterRemoval
[2021-08-19 05:47:45,659] multiqc                                            [DEBUG  ]  No samples found: clipandmerge
[2021-08-19 05:47:45,678] multiqc.modules.cutadapt.cutadapt                  [INFO   ]  Found 6 reports
[2021-08-19 05:47:45,685] multiqc                                            [DEBUG  ]  No samples found: flexbar
[2021-08-19 05:47:45,689] multiqc                                            [DEBUG  ]  No samples found: kaiju
[2021-08-19 05:47:45,693] multiqc                                            [DEBUG  ]  No samples found: kraken
[2021-08-19 05:47:45,697] multiqc                                            [DEBUG  ]  No samples found: malt
[2021-08-19 05:47:45,701] multiqc                                            [DEBUG  ]  No samples found: trimmomatic
[2021-08-19 05:47:45,704] multiqc                                            [DEBUG  ]  No samples found: sickle
[2021-08-19 05:47:45,708] multiqc                                            [DEBUG  ]  No samples found: skewer
[2021-08-19 05:47:45,712] multiqc                                            [DEBUG  ]  No samples found: sortmerna
[2021-08-19 05:47:45,715] multiqc                                            [DEBUG  ]  No samples found: biobloomtools
[2021-08-19 05:47:45,719] multiqc                                            [DEBUG  ]  No samples found: fastq_screen
[2021-08-19 05:47:45,723] multiqc                                            [DEBUG  ]  No samples found: afterqc
[2021-08-19 05:47:45,726] multiqc                                            [DEBUG  ]  No samples found: fastp
[2021-08-19 05:47:46,800] multiqc.modules.fastqc.fastqc                      [INFO   ]  Found 24 reports
[2021-08-19 05:47:46,969] multiqc                                            [DEBUG  ]  No samples found: pycoqc
[2021-08-19 05:47:46,973] multiqc                                            [DEBUG  ]  No samples found: minionqc
[2021-08-19 05:47:46,977] multiqc                                            [DEBUG  ]  No samples found: multivcfanalyzer
[2021-08-19 05:47:46,981] multiqc                                            [DEBUG  ]  No samples found: clusterflow
[2021-08-19 05:47:46,985] multiqc                                            [DEBUG  ]  No samples found: bcl2fastq
[2021-08-19 05:47:46,989] multiqc                                            [DEBUG  ]  No samples found: interop
[2021-08-19 05:47:46,993] multiqc                                            [DEBUG  ]  No samples found: ivar
[2021-08-19 05:47:46,997] multiqc                                            [DEBUG  ]  No samples found: flash
[2021-08-19 05:47:47,001] multiqc                                            [DEBUG  ]  No samples found: seqyclean
[2021-08-19 05:47:47,034] multiqc                                            [INFO   ]  Compressing plot data
[2021-08-19 05:47:47,488] multiqc                                            [INFO   ]  Report      : qc_reports/summary/multiqc_report.html
[2021-08-19 05:47:47,488] multiqc                                            [INFO   ]  Data        : qc_reports/summary/multiqc_data
[2021-08-19 05:47:47,488] multiqc                                            [DEBUG  ]  Moving data file from '/tmp/tmpjefvzpxl/multiqc_data' to 'qc_reports/summary/multiqc_data'
[2021-08-19 05:47:47,679] multiqc                                            [INFO   ]  MultiQC complete
