                                 Started job on |	Aug 19 02:59:58
                             Started mapping on |	Aug 19 03:00:15
                                    Finished on |	Aug 19 03:03:27
       Mapping speed, Million of reads per hour |	873.02

                          Number of input reads |	46560847
                      Average input read length |	97
                                    UNIQUE READS:
                   Uniquely mapped reads number |	40455355
                        Uniquely mapped reads % |	86.89%
                          Average mapped length |	97.50
                       Number of splices: Total |	17412
            Number of splices: Annotated (sjdb) |	3926
                       Number of splices: GT/AG |	9904
                       Number of splices: GC/AG |	977
                       Number of splices: AT/AC |	55
               Number of splices: Non-canonical |	6476
                      Mismatch rate per base, % |	0.15%
                         Deletion rate per base |	0.00%
                        Deletion average length |	1.51
                        Insertion rate per base |	0.00%
                       Insertion average length |	1.45
                             MULTI-MAPPING READS:
        Number of reads mapped to multiple loci |	3606522
             % of reads mapped to multiple loci |	7.75%
        Number of reads mapped to too many loci |	437325
             % of reads mapped to too many loci |	0.94%
                                  UNMAPPED READS:
  Number of reads unmapped: too many mismatches |	0
       % of reads unmapped: too many mismatches |	0.00%
            Number of reads unmapped: too short |	1212888
                 % of reads unmapped: too short |	2.60%
                Number of reads unmapped: other |	848757
                     % of reads unmapped: other |	1.82%
                                  CHIMERIC READS:
                       Number of chimeric reads |	0
                            % of chimeric reads |	0.00%
