                                 Started job on |	Aug 19 03:07:16
                             Started mapping on |	Aug 19 03:07:35
                                    Finished on |	Aug 19 03:10:27
       Mapping speed, Million of reads per hour |	961.72

                          Number of input reads |	45948980
                      Average input read length |	98
                                    UNIQUE READS:
                   Uniquely mapped reads number |	40366895
                        Uniquely mapped reads % |	87.85%
                          Average mapped length |	98.01
                       Number of splices: Total |	14867
            Number of splices: Annotated (sjdb) |	3798
                       Number of splices: GT/AG |	8319
                       Number of splices: GC/AG |	851
                       Number of splices: AT/AC |	39
               Number of splices: Non-canonical |	5658
                      Mismatch rate per base, % |	0.15%
                         Deletion rate per base |	0.00%
                        Deletion average length |	1.45
                        Insertion rate per base |	0.00%
                       Insertion average length |	1.52
                             MULTI-MAPPING READS:
        Number of reads mapped to multiple loci |	3596709
             % of reads mapped to multiple loci |	7.83%
        Number of reads mapped to too many loci |	354327
             % of reads mapped to too many loci |	0.77%
                                  UNMAPPED READS:
  Number of reads unmapped: too many mismatches |	0
       % of reads unmapped: too many mismatches |	0.00%
            Number of reads unmapped: too short |	1013315
                 % of reads unmapped: too short |	2.21%
                Number of reads unmapped: other |	617734
                     % of reads unmapped: other |	1.34%
                                  CHIMERIC READS:
                       Number of chimeric reads |	0
                            % of chimeric reads |	0.00%
