                                 Started job on |	Aug 19 02:52:37
                             Started mapping on |	Aug 19 02:53:13
                                    Finished on |	Aug 19 02:56:17
       Mapping speed, Million of reads per hour |	990.39

                          Number of input reads |	50620139
                      Average input read length |	97
                                    UNIQUE READS:
                   Uniquely mapped reads number |	44262005
                        Uniquely mapped reads % |	87.44%
                          Average mapped length |	97.89
                       Number of splices: Total |	9806
            Number of splices: Annotated (sjdb) |	1990
                       Number of splices: GT/AG |	4613
                       Number of splices: GC/AG |	912
                       Number of splices: AT/AC |	31
               Number of splices: Non-canonical |	4250
                      Mismatch rate per base, % |	0.14%
                         Deletion rate per base |	0.00%
                        Deletion average length |	1.30
                        Insertion rate per base |	0.00%
                       Insertion average length |	1.71
                             MULTI-MAPPING READS:
        Number of reads mapped to multiple loci |	4786550
             % of reads mapped to multiple loci |	9.46%
        Number of reads mapped to too many loci |	170721
             % of reads mapped to too many loci |	0.34%
                                  UNMAPPED READS:
  Number of reads unmapped: too many mismatches |	0
       % of reads unmapped: too many mismatches |	0.00%
            Number of reads unmapped: too short |	1075527
                 % of reads unmapped: too short |	2.12%
                Number of reads unmapped: other |	325336
                     % of reads unmapped: other |	0.64%
                                  CHIMERIC READS:
                       Number of chimeric reads |	0
                            % of chimeric reads |	0.00%
