                                 Started job on |	Aug 19 02:49:46
                             Started mapping on |	Aug 19 02:50:03
                                    Finished on |	Aug 19 02:52:33
       Mapping speed, Million of reads per hour |	1101.02

                          Number of input reads |	45875890
                      Average input read length |	97
                                    UNIQUE READS:
                   Uniquely mapped reads number |	39853628
                        Uniquely mapped reads % |	86.87%
                          Average mapped length |	97.64
                       Number of splices: Total |	7209
            Number of splices: Annotated (sjdb) |	1686
                       Number of splices: GT/AG |	3392
                       Number of splices: GC/AG |	621
                       Number of splices: AT/AC |	28
               Number of splices: Non-canonical |	3168
                      Mismatch rate per base, % |	0.13%
                         Deletion rate per base |	0.00%
                        Deletion average length |	1.26
                        Insertion rate per base |	0.00%
                       Insertion average length |	1.73
                             MULTI-MAPPING READS:
        Number of reads mapped to multiple loci |	4800786
             % of reads mapped to multiple loci |	10.46%
        Number of reads mapped to too many loci |	130858
             % of reads mapped to too many loci |	0.29%
                                  UNMAPPED READS:
  Number of reads unmapped: too many mismatches |	0
       % of reads unmapped: too many mismatches |	0.00%
            Number of reads unmapped: too short |	853200
                 % of reads unmapped: too short |	1.86%
                Number of reads unmapped: other |	237418
                     % of reads unmapped: other |	0.52%
                                  CHIMERIC READS:
                       Number of chimeric reads |	0
                            % of chimeric reads |	0.00%
