                                 Started job on |	Aug 19 02:56:21
                             Started mapping on |	Aug 19 02:56:45
                                    Finished on |	Aug 19 02:59:54
       Mapping speed, Million of reads per hour |	996.80

                          Number of input reads |	52331742
                      Average input read length |	97
                                    UNIQUE READS:
                   Uniquely mapped reads number |	45592516
                        Uniquely mapped reads % |	87.12%
                          Average mapped length |	97.97
                       Number of splices: Total |	10844
            Number of splices: Annotated (sjdb) |	2090
                       Number of splices: GT/AG |	5373
                       Number of splices: GC/AG |	863
                       Number of splices: AT/AC |	36
               Number of splices: Non-canonical |	4572
                      Mismatch rate per base, % |	0.15%
                         Deletion rate per base |	0.00%
                        Deletion average length |	1.29
                        Insertion rate per base |	0.00%
                       Insertion average length |	1.69
                             MULTI-MAPPING READS:
        Number of reads mapped to multiple loci |	4962390
             % of reads mapped to multiple loci |	9.48%
        Number of reads mapped to too many loci |	221334
             % of reads mapped to too many loci |	0.42%
                                  UNMAPPED READS:
  Number of reads unmapped: too many mismatches |	0
       % of reads unmapped: too many mismatches |	0.00%
            Number of reads unmapped: too short |	1128778
                 % of reads unmapped: too short |	2.16%
                Number of reads unmapped: other |	426724
                     % of reads unmapped: other |	0.82%
                                  CHIMERIC READS:
                       Number of chimeric reads |	0
                            % of chimeric reads |	0.00%
