This is cutadapt 2.9 with Python 3.7.4
Command line parameters: -a CTGTCTCTTATACAC -A CTGTCTCTTATACAC -m 20 -q 20 -o data/trimmed_data/ATAC_D0_repl_2_HDACi_S37_trimmed_R1_001.fastq.gz -p data/trimmed_data/ATAC_D0_repl_2_HDACi_S37_trimmed_R2_001.fastq.gz data/raw_data/ATAC_D0_repl_2_HDACi_S37_R1_001.fastq.gz data/raw_data/ATAC_D0_repl_2_HDACi_S37_R2_001.fastq.gz
Processing reads on 1 core in paired-end mode ...
Finished in 2419.69 s (53 us/read; 1.14 M reads/minute).

=== Summary ===

Total read pairs processed:         45,895,526
  Read 1 with adapter:               6,502,482 (14.2%)
  Read 2 with adapter:               6,510,383 (14.2%)
Pairs written (passing filters):    45,875,890 (100.0%)

Total basepairs processed: 4,589,552,600 bp
  Read 1: 2,294,776,300 bp
  Read 2: 2,294,776,300 bp
Quality-trimmed:               3,132,599 bp (0.1%)
  Read 1:     1,566,467 bp
  Read 2:     1,566,132 bp
Total written (filtered):  4,475,408,158 bp (97.5%)
  Read 1: 2,237,643,979 bp
  Read 2: 2,237,764,179 bp

=== First read: Adapter 1 ===

Sequence: CTGTCTCTTATACAC; Type: regular 3'; Length: 15; Trimmed: 6502482 times

No. of allowed errors:
0-9 bp: 0; 10-15 bp: 1

Bases preceding removed adapters:
  A: 12.5%
  C: 39.4%
  G: 27.5%
  T: 20.4%
  none/other: 0.1%

Overview of removed sequences
length	count	expect	max.err	error counts
3	1063542	717117.6	0	1063542
4	578341	179279.4	0	578341
5	458113	44819.8	0	458113
6	414299	11205.0	0	414299
7	409593	2801.2	0	409593
8	513498	700.3	0	513498
9	583501	175.1	0	581257 2244
10	535348	43.8	1	531140 4208
11	427595	10.9	1	424863 2732
12	357748	2.7	1	353763 3985
13	336165	0.7	1	334017 2148
14	292395	0.2	1	289613 2782
15	165451	0.0	1	164262 1189
16	95953	0.0	1	94895 1058
17	30767	0.0	1	30474 293
18	32610	0.0	1	32344 266
19	30496	0.0	1	30197 299
20	29294	0.0	1	29067 227
21	34223	0.0	1	33908 315
22	33414	0.0	1	33180 234
23	37286	0.0	1	36909 377
24	25132	0.0	1	24934 198
25	1952	0.0	1	1924 28
26	492	0.0	1	478 14
27	633	0.0	1	618 15
28	151	0.0	1	144 7
29	299	0.0	1	292 7
30	120	0.0	1	114 6
31	164	0.0	1	158 6
32	77	0.0	1	75 2
33	51	0.0	1	46 5
34	39	0.0	1	39
35	81	0.0	1	78 3
36	58	0.0	1	56 2
37	2585	0.0	1	2574 11
38	34	0.0	1	26 8
39	42	0.0	1	41 1
40	81	0.0	1	76 5
41	697	0.0	1	684 13
42	313	0.0	1	303 10
43	193	0.0	1	191 2
44	910	0.0	1	902 8
45	1349	0.0	1	1340 9
46	48	0.0	1	45 3
47	35	0.0	1	32 3
48	352	0.0	1	345 7
49	4279	0.0	1	4239 40
50	2683	0.0	1	2605 78


=== Second read: Adapter 2 ===

Sequence: CTGTCTCTTATACAC; Type: regular 3'; Length: 15; Trimmed: 6510383 times

No. of allowed errors:
0-9 bp: 0; 10-15 bp: 1

Bases preceding removed adapters:
  A: 12.4%
  C: 40.7%
  G: 26.6%
  T: 20.1%
  none/other: 0.1%

Overview of removed sequences
length	count	expect	max.err	error counts
3	1066355	717117.6	0	1066355
4	580438	179279.4	0	580438
5	457542	44819.8	0	457542
6	416347	11205.0	0	416347
7	409502	2801.2	0	409502
8	513985	700.3	0	513985
9	586751	175.1	0	584494 2257
10	532037	43.8	1	528947 3090
11	431327	10.9	1	429456 1871
12	352646	2.7	1	349784 2862
13	338567	0.7	1	337153 1414
14	292028	0.2	1	290156 1872
15	165975	0.0	1	165204 771
16	80147	0.0	1	79533 614
17	45931	0.0	1	45675 256
18	32131	0.0	1	31979 152
19	32106	0.0	1	31892 214
20	28951	0.0	1	28831 120
21	33417	0.0	1	33229 188
22	34602	0.0	1	34394 208
23	36220	0.0	1	36024 196
24	25699	0.0	1	25511 188
25	1946	0.0	1	1928 18
26	353	0.0	1	347 6
27	269	0.0	1	259 10
28	157	0.0	1	150 7
29	284	0.0	1	273 11
30	125	0.0	1	110 15
31	166	0.0	1	162 4
32	62	0.0	1	61 1
33	51	0.0	1	51
34	57	0.0	1	54 3
35	72	0.0	1	66 6
36	35	0.0	1	31 4
37	2626	0.0	1	2605 21
38	28	0.0	1	23 5
39	44	0.0	1	42 2
40	66	0.0	1	63 3
41	693	0.0	1	685 8
42	245	0.0	1	241 4
43	137	0.0	1	135 2
44	131	0.0	1	128 3
45	167	0.0	1	164 3
46	87	0.0	1	86 1
47	395	0.0	1	391 4
48	16	0.0	1	10 6
49	314	0.0	1	303 11
50	9153	0.0	1	9036 117
