This is cutadapt 2.9 with Python 3.7.4
Command line parameters: -a CTGTCTCTTATACAC -A CTGTCTCTTATACAC -m 20 -q 20 -o data/trimmed_data/ATAC_D0_repl_2_LSD1i_S38_trimmed_R1_001.fastq.gz -p data/trimmed_data/ATAC_D0_repl_2_LSD1i_S38_trimmed_R2_001.fastq.gz data/raw_data/ATAC_D0_repl_2_LSD1i_S38_R1_001.fastq.gz data/raw_data/ATAC_D0_repl_2_LSD1i_S38_R2_001.fastq.gz
Processing reads on 1 core in paired-end mode ...
Finished in 2734.43 s (54 us/read; 1.11 M reads/minute).

=== Summary ===

Total read pairs processed:         50,645,716
  Read 1 with adapter:               6,392,392 (12.6%)
  Read 2 with adapter:               6,386,897 (12.6%)
Pairs written (passing filters):    50,620,139 (99.9%)

Total basepairs processed: 5,064,571,600 bp
  Read 1: 2,532,285,800 bp
  Read 2: 2,532,285,800 bp
Quality-trimmed:               3,886,426 bp (0.1%)
  Read 1:     1,642,288 bp
  Read 2:     2,244,138 bp
Total written (filtered):  4,952,629,001 bp (97.8%)
  Read 1: 2,476,453,118 bp
  Read 2: 2,476,175,883 bp

=== First read: Adapter 1 ===

Sequence: CTGTCTCTTATACAC; Type: regular 3'; Length: 15; Trimmed: 6392392 times

No. of allowed errors:
0-9 bp: 0; 10-15 bp: 1

Bases preceding removed adapters:
  A: 12.6%
  C: 39.6%
  G: 27.5%
  T: 20.3%
  none/other: 0.1%

Overview of removed sequences
length	count	expect	max.err	error counts
3	1166330	791339.3	0	1166330
4	591527	197834.8	0	591527
5	448810	49458.7	0	448810
6	403706	12364.7	0	403706
7	395020	3091.2	0	395020
8	487084	772.8	0	487084
9	541661	193.2	0	538570 3091
10	488807	48.3	1	484685 4122
11	386849	12.1	1	384409 2440
12	331398	3.0	1	327997 3401
13	315624	0.8	1	313798 1826
14	278978	0.2	1	276374 2604
15	160250	0.0	1	159186 1064
16	93584	0.0	1	92583 1001
17	35775	0.0	1	35514 261
18	35558	0.0	1	35307 251
19	32872	0.0	1	32594 278
20	31572	0.0	1	31296 276
21	36856	0.0	1	36507 349
22	36539	0.0	1	36288 251
23	43025	0.0	1	42637 388
24	29081	0.0	1	28886 195
25	2314	0.0	1	2276 38
26	586	0.0	1	555 31
27	507	0.0	1	493 14
28	233	0.0	1	227 6
29	412	0.0	1	390 22
30	148	0.0	1	143 5
31	211	0.0	1	198 13
32	78	0.0	1	73 5
33	70	0.0	1	67 3
34	58	0.0	1	56 2
35	139	0.0	1	133 6
36	53	0.0	1	50 3
37	2587	0.0	1	2571 16
38	36	0.0	1	32 4
39	96	0.0	1	94 2
40	92	0.0	1	83 9
41	2718	0.0	1	2698 20
42	381	0.0	1	364 17
43	210	0.0	1	203 7
44	3212	0.0	1	3179 33
45	4894	0.0	1	4870 24
46	79	0.0	1	78 1
47	52	0.0	1	44 8
48	985	0.0	1	976 9
49	640	0.0	1	624 16
50	695	0.0	1	638 57


=== Second read: Adapter 2 ===

Sequence: CTGTCTCTTATACAC; Type: regular 3'; Length: 15; Trimmed: 6386897 times

No. of allowed errors:
0-9 bp: 0; 10-15 bp: 1

Bases preceding removed adapters:
  A: 12.5%
  C: 40.6%
  G: 26.7%
  T: 20.1%
  none/other: 0.2%

Overview of removed sequences
length	count	expect	max.err	error counts
3	1167925	791339.3	0	1167925
4	592174	197834.8	0	592174
5	446943	49458.7	0	446943
6	404253	12364.7	0	404253
7	394359	3091.2	0	394359
8	487498	772.8	0	487498
9	542231	193.2	0	539321 2910
10	483865	48.3	1	479978 3887
11	390213	12.1	1	387900 2313
12	326446	3.0	1	323381 3065
13	316813	0.8	1	315267 1546
14	278358	0.2	1	276068 2290
15	160228	0.0	1	159313 915
16	79740	0.0	1	78998 742
17	48698	0.0	1	48372 326
18	35010	0.0	1	34783 227
19	34680	0.0	1	34419 261
20	31051	0.0	1	30891 160
21	36016	0.0	1	35732 284
22	37904	0.0	1	37638 266
23	41631	0.0	1	41365 266
24	29449	0.0	1	29252 197
25	2291	0.0	1	2265 26
26	434	0.0	1	413 21
27	296	0.0	1	292 4
28	262	0.0	1	246 16
29	360	0.0	1	343 17
30	156	0.0	1	143 13
31	211	0.0	1	199 12
32	69	0.0	1	67 2
33	74	0.0	1	68 6
34	48	0.0	1	45 3
35	142	0.0	1	132 10
36	68	0.0	1	56 12
37	2636	0.0	1	2609 27
38	34	0.0	1	25 9
39	86	0.0	1	84 2
40	166	0.0	1	156 10
41	2643	0.0	1	2626 17
42	361	0.0	1	345 16
43	117	0.0	1	116 1
44	126	0.0	1	123 3
45	149	0.0	1	148 1
46	162	0.0	1	152 10
47	675	0.0	1	674 1
48	15	0.0	1	13 2
49	256	0.0	1	243 13
50	9575	0.0	1	9463 112
