This is cutadapt 2.9 with Python 3.7.4
Command line parameters: -a CTGTCTCTTATACAC -A CTGTCTCTTATACAC -m 20 -q 20 -o data/trimmed_data/ATAC_D8_repl_2_no_tx_S42_trimmed_R1_001.fastq.gz -p data/trimmed_data/ATAC_D8_repl_2_no_tx_S42_trimmed_R2_001.fastq.gz data/raw_data/ATAC_D8_repl_2_no_tx_S42_R1_001.fastq.gz data/raw_data/ATAC_D8_repl_2_no_tx_S42_R2_001.fastq.gz
Processing reads on 1 core in paired-end mode ...
Finished in 2526.07 s (55 us/read; 1.09 M reads/minute).

=== Summary ===

Total read pairs processed:         45,954,744
  Read 1 with adapter:               5,855,546 (12.7%)
  Read 2 with adapter:               5,872,145 (12.8%)
Pairs written (passing filters):    45,948,980 (100.0%)

Total basepairs processed: 4,595,474,400 bp
  Read 1: 2,297,737,200 bp
  Read 2: 2,297,737,200 bp
Quality-trimmed:               3,171,717 bp (0.1%)
  Read 1:     1,668,244 bp
  Read 2:     1,503,473 bp
Total written (filtered):  4,504,501,357 bp (98.0%)
  Read 1: 2,252,130,656 bp
  Read 2: 2,252,370,701 bp

=== First read: Adapter 1 ===

Sequence: CTGTCTCTTATACAC; Type: regular 3'; Length: 15; Trimmed: 5855546 times

No. of allowed errors:
0-9 bp: 0; 10-15 bp: 1

Bases preceding removed adapters:
  A: 11.9%
  C: 41.4%
  G: 28.2%
  T: 18.4%
  none/other: 0.0%

Overview of removed sequences
length	count	expect	max.err	error counts
3	1302599	718042.9	0	1302599
4	640896	179510.7	0	640896
5	477767	44877.7	0	477767
6	402097	11219.4	0	402097
7	377916	2804.9	0	377916
8	438970	701.2	0	438970
9	472824	175.3	0	468374 4450
10	406507	43.8	1	402086 4421
11	325838	11.0	1	323160 2678
12	271964	2.7	1	269201 2763
13	254103	0.7	1	252342 1761
14	201932	0.2	1	199832 2100
15	104725	0.0	1	103801 924
16	55064	0.0	1	54417 647
17	17955	0.0	1	17755 200
18	16179	0.0	1	16017 162
19	14199	0.0	1	14045 154
20	12400	0.0	1	12272 128
21	14848	0.0	1	14678 170
22	14084	0.0	1	13971 113
23	17091	0.0	1	16875 216
24	12319	0.0	1	12199 120
25	956	0.0	1	931 25
26	268	0.0	1	257 11
27	218	0.0	1	201 17
28	151	0.0	1	138 13
29	332	0.0	1	311 21
30	107	0.0	1	100 7
31	163	0.0	1	160 3
32	46	0.0	1	41 5
33	32	0.0	1	30 2
34	34	0.0	1	30 4
35	50	0.0	1	48 2
36	26	0.0	1	22 4
37	15	0.0	1	12 3
38	15	0.0	1	5 10
39	21	0.0	1	14 7
40	33	0.0	1	25 8
41	636	0.0	1	627 9
42	21	0.0	1	8 13
43	4	0.0	1	3 1
44	22	0.0	1	19 3
45	40	0.0	1	37 3
46	2	0.0	1	1 1
47	3	0.0	1	2 1
48	22	0.0	1	16 6
49	45	0.0	1	42 3
50	7	0.0	1	5 2


=== Second read: Adapter 2 ===

Sequence: CTGTCTCTTATACAC; Type: regular 3'; Length: 15; Trimmed: 5872145 times

No. of allowed errors:
0-9 bp: 0; 10-15 bp: 1

Bases preceding removed adapters:
  A: 11.7%
  C: 42.9%
  G: 27.1%
  T: 18.2%
  none/other: 0.0%

Overview of removed sequences
length	count	expect	max.err	error counts
3	1309755	718042.9	0	1309755
4	646481	179510.7	0	646481
5	476606	44877.7	0	476606
6	405313	11219.4	0	405313
7	376848	2804.9	0	376848
8	438986	701.2	0	438986
9	475002	175.3	0	470725 4277
10	405751	43.8	1	402464 3287
11	328498	11.0	1	326676 1822
12	267495	2.7	1	265806 1689
13	256322	0.7	1	255431 891
14	202142	0.2	1	200902 1240
15	105242	0.0	1	104723 519
16	46961	0.0	1	46579 382
17	25913	0.0	1	25739 174
18	16106	0.0	1	15973 133
19	14864	0.0	1	14770 94
20	12260	0.0	1	12195 65
21	14432	0.0	1	14348 84
22	14614	0.0	1	14518 96
23	16553	0.0	1	16463 90
24	12762	0.0	1	12679 83
25	953	0.0	1	935 18
26	257	0.0	1	244 13
27	208	0.0	1	202 6
28	165	0.0	1	155 10
29	302	0.0	1	297 5
30	106	0.0	1	101 5
31	160	0.0	1	153 7
32	38	0.0	1	37 1
33	34	0.0	1	33 1
34	36	0.0	1	34 2
35	62	0.0	1	51 11
36	26	0.0	1	20 6
37	25	0.0	1	20 5
38	8	0.0	1	4 4
39	14	0.0	1	10 4
40	35	0.0	1	32 3
41	635	0.0	1	624 11
42	17	0.0	1	8 9
43	4	0.0	1	2 2
44	7	0.0	1	1 6
45	2	0.0	1	2
46	2	0.0	1	0 2
47	12	0.0	1	8 4
48	6	0.0	1	2 4
49	8	0.0	1	6 2
50	117	0.0	1	116 1
