This is cutadapt 2.9 with Python 3.7.4
Command line parameters: -a CTGTCTCTTATACAC -A CTGTCTCTTATACAC -m 20 -q 20 -o data/trimmed_data/ATAC_D8_repl_2_LSD1i_S41_trimmed_R1_001.fastq.gz -p data/trimmed_data/ATAC_D8_repl_2_LSD1i_S41_trimmed_R2_001.fastq.gz data/raw_data/ATAC_D8_repl_2_LSD1i_S41_R1_001.fastq.gz data/raw_data/ATAC_D8_repl_2_LSD1i_S41_R2_001.fastq.gz
Processing reads on 1 core in paired-end mode ...
Finished in 2752.33 s (54 us/read; 1.12 M reads/minute).

=== Summary ===

Total read pairs processed:         51,233,083
  Read 1 with adapter:               7,190,403 (14.0%)
  Read 2 with adapter:               7,190,472 (14.0%)
Pairs written (passing filters):    51,219,351 (100.0%)

Total basepairs processed: 5,123,308,300 bp
  Read 1: 2,561,654,150 bp
  Read 2: 2,561,654,150 bp
Quality-trimmed:               4,016,373 bp (0.1%)
  Read 1:     1,618,327 bp
  Read 2:     2,398,046 bp
Total written (filtered):  5,006,092,868 bp (97.7%)
  Read 1: 2,503,218,985 bp
  Read 2: 2,502,873,883 bp

=== First read: Adapter 1 ===

Sequence: CTGTCTCTTATACAC; Type: regular 3'; Length: 15; Trimmed: 7190403 times

No. of allowed errors:
0-9 bp: 0; 10-15 bp: 1

Bases preceding removed adapters:
  A: 12.1%
  C: 41.5%
  G: 27.0%
  T: 19.3%
  none/other: 0.0%

Overview of removed sequences
length	count	expect	max.err	error counts
3	1475254	800516.9	0	1475254
4	767481	200129.2	0	767481
5	582144	50032.3	0	582144
6	502696	12508.1	0	502696
7	449900	3127.0	0	449900
8	473644	781.8	0	473644
9	504820	195.4	0	498645 6175
10	484360	48.9	1	479294 5066
11	443794	12.2	1	440746 3048
12	386656	3.1	1	383505 3151
13	370201	0.8	1	368081 2120
14	304425	0.2	1	301965 2460
15	161684	0.0	1	160583 1101
16	78689	0.0	1	77864 825
17	37044	0.0	1	36728 316
18	24131	0.0	1	23901 230
19	18753	0.0	1	18605 148
20	17352	0.0	1	17195 157
21	23842	0.0	1	23632 210
22	25283	0.0	1	25113 170
23	30237	0.0	1	29956 281
24	20319	0.0	1	20177 142
25	1751	0.0	1	1719 32
26	561	0.0	1	543 18
27	511	0.0	1	491 20
28	256	0.0	1	244 12
29	716	0.0	1	702 14
30	325	0.0	1	312 13
31	319	0.0	1	306 13
32	100	0.0	1	95 5
33	90	0.0	1	79 11
34	46	0.0	1	42 4
35	67	0.0	1	63 4
36	54	0.0	1	46 8
37	35	0.0	1	34 1
38	18	0.0	1	12 6
39	34	0.0	1	28 6
40	137	0.0	1	129 8
41	2402	0.0	1	2376 26
42	61	0.0	1	44 17
43	4	0.0	1	1 3
44	40	0.0	1	38 2
45	70	0.0	1	61 9
46	1	0.0	1	1
47	7	0.0	1	1 6
48	18	0.0	1	16 2
49	63	0.0	1	61 2
50	8	0.0	1	3 5


=== Second read: Adapter 2 ===

Sequence: CTGTCTCTTATACAC; Type: regular 3'; Length: 15; Trimmed: 7190472 times

No. of allowed errors:
0-9 bp: 0; 10-15 bp: 1

Bases preceding removed adapters:
  A: 12.0%
  C: 42.5%
  G: 26.3%
  T: 19.2%
  none/other: 0.0%

Overview of removed sequences
length	count	expect	max.err	error counts
3	1477821	800516.9	0	1477821
4	767184	200129.2	0	767184
5	582714	50032.3	0	582714
6	504198	12508.1	0	504198
7	448707	3127.0	0	448707
8	475138	781.8	0	475138
9	504506	195.4	0	498514 5992
10	483326	48.9	1	478600 4726
11	447044	12.2	1	444352 2692
12	380313	3.1	1	378010 2303
13	370925	0.8	1	369075 1850
14	304603	0.2	1	302336 2267
15	161277	0.0	1	160459 818
16	73939	0.0	1	73208 731
17	41296	0.0	1	40992 304
18	23937	0.0	1	23736 201
19	19480	0.0	1	19324 156
20	17077	0.0	1	16979 98
21	23200	0.0	1	23021 179
22	26169	0.0	1	25951 218
23	29360	0.0	1	29175 185
24	20645	0.0	1	20506 139
25	1730	0.0	1	1693 37
26	528	0.0	1	505 23
27	521	0.0	1	496 25
28	290	0.0	1	277 13
29	668	0.0	1	655 13
30	331	0.0	1	318 13
31	297	0.0	1	291 6
32	91	0.0	1	86 5
33	96	0.0	1	85 11
34	50	0.0	1	42 8
35	64	0.0	1	57 7
36	60	0.0	1	50 10
37	42	0.0	1	38 4
38	14	0.0	1	7 7
39	28	0.0	1	17 11
40	123	0.0	1	116 7
41	2415	0.0	1	2397 18
42	50	0.0	1	42 8
43	2	0.0	1	2
44	5	0.0	1	3 2
45	4	0.0	1	0 4
46	8	0.0	1	3 5
47	13	0.0	1	9 4
48	2	0.0	1	0 2
49	10	0.0	1	6 4
50	171	0.0	1	165 6
