This is cutadapt 2.9 with Python 3.7.4
Command line parameters: -a CTGTCTCTTATACAC -A CTGTCTCTTATACAC -m 20 -q 20 -o data/trimmed_data/ATAC_D8_repl_2_HDACi_S40_trimmed_R1_001.fastq.gz -p data/trimmed_data/ATAC_D8_repl_2_HDACi_S40_trimmed_R2_001.fastq.gz data/raw_data/ATAC_D8_repl_2_HDACi_S40_R1_001.fastq.gz data/raw_data/ATAC_D8_repl_2_HDACi_S40_R2_001.fastq.gz
Processing reads on 1 core in paired-end mode ...
Finished in 2535.47 s (54 us/read; 1.10 M reads/minute).

=== Summary ===

Total read pairs processed:         46,568,606
  Read 1 with adapter:               7,239,257 (15.5%)
  Read 2 with adapter:               7,234,959 (15.5%)
Pairs written (passing filters):    46,560,847 (100.0%)

Total basepairs processed: 4,656,860,600 bp
  Read 1: 2,328,430,300 bp
  Read 2: 2,328,430,300 bp
Quality-trimmed:               3,276,636 bp (0.1%)
  Read 1:     1,421,050 bp
  Read 2:     1,855,586 bp
Total written (filtered):  4,538,303,383 bp (97.5%)
  Read 1: 2,269,224,825 bp
  Read 2: 2,269,078,558 bp

=== First read: Adapter 1 ===

Sequence: CTGTCTCTTATACAC; Type: regular 3'; Length: 15; Trimmed: 7239257 times

No. of allowed errors:
0-9 bp: 0; 10-15 bp: 1

Bases preceding removed adapters:
  A: 12.0%
  C: 41.8%
  G: 27.0%
  T: 19.2%
  none/other: 0.0%

Overview of removed sequences
length	count	expect	max.err	error counts
3	1398896	727634.5	0	1398896
4	736695	181908.6	0	736695
5	579459	45477.2	0	579459
6	507288	11369.3	0	507288
7	458812	2842.3	0	458812
8	500596	710.6	0	500596
9	540052	177.6	0	534660 5392
10	514422	44.4	1	509537 4885
11	464251	11.1	1	461367 2884
12	406947	2.8	1	404127 2820
13	382422	0.7	1	380214 2208
14	303155	0.2	1	300637 2518
15	159329	0.0	1	158215 1114
16	84837	0.0	1	83968 869
17	26995	0.0	1	26787 208
18	23834	0.0	1	23653 181
19	20316	0.0	1	20140 176
20	18772	0.0	1	18653 119
21	25846	0.0	1	25590 256
22	29261	0.0	1	29071 190
23	31635	0.0	1	31342 293
24	20150	0.0	1	20022 128
25	1719	0.0	1	1687 32
26	453	0.0	1	434 19
27	450	0.0	1	444 6
28	283	0.0	1	275 8
29	736	0.0	1	720 16
30	195	0.0	1	188 7
31	294	0.0	1	280 14
32	67	0.0	1	61 6
33	66	0.0	1	60 6
34	49	0.0	1	45 4
35	59	0.0	1	49 10
36	34	0.0	1	31 3
37	21	0.0	1	18 3
38	13	0.0	1	11 2
39	17	0.0	1	11 6
40	25	0.0	1	16 9
41	646	0.0	1	635 11
42	23	0.0	1	16 7
43	1	0.0	1	1
44	36	0.0	1	33 3
45	44	0.0	1	43 1
46	7	0.0	1	3 4
47	4	0.0	1	0 4
48	9	0.0	1	6 3
49	30	0.0	1	27 3
50	6	0.0	1	3 3


=== Second read: Adapter 2 ===

Sequence: CTGTCTCTTATACAC; Type: regular 3'; Length: 15; Trimmed: 7234959 times

No. of allowed errors:
0-9 bp: 0; 10-15 bp: 1

Bases preceding removed adapters:
  A: 11.9%
  C: 42.8%
  G: 26.3%
  T: 19.0%
  none/other: 0.0%

Overview of removed sequences
length	count	expect	max.err	error counts
3	1397112	727634.5	0	1397112
4	739150	181908.6	0	739150
5	578830	45477.2	0	578830
6	508881	11369.3	0	508881
7	457669	2842.3	0	457669
8	501631	710.6	0	501631
9	540337	177.6	0	534925 5412
10	510672	44.4	1	506165 4507
11	467248	11.1	1	464588 2660
12	401871	2.8	1	399579 2292
13	383201	0.7	1	381432 1769
14	302978	0.2	1	300753 2225
15	159062	0.0	1	158172 890
16	72358	0.0	1	71727 631
17	38870	0.0	1	38575 295
18	23570	0.0	1	23405 165
19	21304	0.0	1	21131 173
20	18391	0.0	1	18301 90
21	25147	0.0	1	24969 178
22	30423	0.0	1	30176 247
23	30522	0.0	1	30355 167
24	20499	0.0	1	20366 133
25	1725	0.0	1	1683 42
26	415	0.0	1	409 6
27	444	0.0	1	430 14
28	315	0.0	1	296 19
29	693	0.0	1	685 8
30	200	0.0	1	190 10
31	279	0.0	1	270 9
32	70	0.0	1	62 8
33	65	0.0	1	65
34	53	0.0	1	45 8
35	59	0.0	1	53 6
36	35	0.0	1	28 7
37	16	0.0	1	14 2
38	12	0.0	1	11 1
39	11	0.0	1	11
40	42	0.0	1	36 6
41	624	0.0	1	614 10
42	25	0.0	1	12 13
43	4	0.0	1	2 2
44	9	0.0	1	0 9
45	1	0.0	1	0 1
46	4	0.0	1	2 2
47	22	0.0	1	15 7
48	3	0.0	1	1 2
49	1	0.0	1	0 1
50	106	0.0	1	103 3
