This is cutadapt 2.9 with Python 3.7.4
Command line parameters: -a CTGTCTCTTATACAC -A CTGTCTCTTATACAC -m 20 -q 20 -o data/trimmed_data/ATAC_D0_repl_2_no_tx_S39_trimmed_R1_001.fastq.gz -p data/trimmed_data/ATAC_D0_repl_2_no_tx_S39_trimmed_R2_001.fastq.gz data/raw_data/ATAC_D0_repl_2_no_tx_S39_R1_001.fastq.gz data/raw_data/ATAC_D0_repl_2_no_tx_S39_R2_001.fastq.gz
Processing reads on 1 core in paired-end mode ...
Finished in 2836.74 s (54 us/read; 1.11 M reads/minute).

=== Summary ===

Total read pairs processed:         52,351,845
  Read 1 with adapter:               6,399,096 (12.2%)
  Read 2 with adapter:               6,390,002 (12.2%)
Pairs written (passing filters):    52,331,742 (100.0%)

Total basepairs processed: 5,235,184,500 bp
  Read 1: 2,617,592,250 bp
  Read 2: 2,617,592,250 bp
Quality-trimmed:               4,184,049 bp (0.1%)
  Read 1:     1,738,546 bp
  Read 2:     2,445,503 bp
Total written (filtered):  5,124,466,642 bp (97.9%)
  Read 1: 2,562,387,402 bp
  Read 2: 2,562,079,240 bp

=== First read: Adapter 1 ===

Sequence: CTGTCTCTTATACAC; Type: regular 3'; Length: 15; Trimmed: 6399096 times

No. of allowed errors:
0-9 bp: 0; 10-15 bp: 1

Bases preceding removed adapters:
  A: 12.7%
  C: 40.1%
  G: 27.2%
  T: 20.0%
  none/other: 0.1%

Overview of removed sequences
length	count	expect	max.err	error counts
3	1210231	817997.6	0	1210231
4	608186	204499.4	0	608186
5	454059	51124.8	0	454059
6	406482	12781.2	0	406482
7	395071	3195.3	0	395071
8	477876	798.8	0	477876
9	533437	199.7	0	530147 3290
10	495192	49.9	1	490984 4208
11	398742	12.5	1	396224 2518
12	328684	3.1	1	324994 3690
13	302882	0.8	1	301160 1722
14	258979	0.2	1	256402 2577
15	144231	0.0	1	143276 955
16	83501	0.0	1	82578 923
17	32713	0.0	1	32451 262
18	33020	0.0	1	32769 251
19	33252	0.0	1	33004 248
20	34571	0.0	1	34348 223
21	41679	0.0	1	41345 334
22	40878	0.0	1	40624 254
23	43473	0.0	1	43056 417
24	26896	0.0	1	26712 184
25	1928	0.0	1	1902 26
26	541	0.0	1	528 13
27	538	0.0	1	530 8
28	190	0.0	1	179 11
29	553	0.0	1	539 14
30	184	0.0	1	175 9
31	299	0.0	1	287 12
32	100	0.0	1	100
33	86	0.0	1	80 6
34	74	0.0	1	70 4
35	91	0.0	1	83 8
36	49	0.0	1	46 3
37	1243	0.0	1	1233 10
38	31	0.0	1	27 4
39	75	0.0	1	73 2
40	146	0.0	1	131 15
41	1286	0.0	1	1267 19
42	344	0.0	1	332 12
43	217	0.0	1	216 1
44	2132	0.0	1	2112 20
45	3294	0.0	1	3277 17
46	61	0.0	1	55 6
47	63	0.0	1	46 17
48	517	0.0	1	514 3
49	690	0.0	1	682 8
50	329	0.0	1	293 36


=== Second read: Adapter 2 ===

Sequence: CTGTCTCTTATACAC; Type: regular 3'; Length: 15; Trimmed: 6390002 times

No. of allowed errors:
0-9 bp: 0; 10-15 bp: 1

Bases preceding removed adapters:
  A: 12.5%
  C: 40.6%
  G: 26.8%
  T: 19.9%
  none/other: 0.1%

Overview of removed sequences
length	count	expect	max.err	error counts
3	1208709	817997.6	0	1208709
4	608638	204499.4	0	608638
5	452506	51124.8	0	452506
6	407430	12781.2	0	407430
7	393825	3195.3	0	393825
8	478748	798.8	0	478748
9	533251	199.7	0	529940 3311
10	490263	49.9	1	486071 4192
11	401484	12.5	1	399077 2407
12	324645	3.1	1	321264 3381
13	303824	0.8	1	302250 1574
14	258433	0.2	1	256232 2201
15	144060	0.0	1	143188 872
16	71904	0.0	1	71212 692
17	43490	0.0	1	43134 356
18	32290	0.0	1	32038 252
19	35193	0.0	1	34908 285
20	33969	0.0	1	33782 187
21	40715	0.0	1	40370 345
22	42480	0.0	1	42159 321
23	41924	0.0	1	41664 260
24	27255	0.0	1	27073 182
25	1918	0.0	1	1899 19
26	484	0.0	1	472 12
27	427	0.0	1	419 8
28	216	0.0	1	208 8
29	516	0.0	1	502 14
30	191	0.0	1	182 9
31	276	0.0	1	267 9
32	80	0.0	1	74 6
33	112	0.0	1	103 9
34	65	0.0	1	56 9
35	84	0.0	1	76 8
36	46	0.0	1	42 4
37	1263	0.0	1	1251 12
38	26	0.0	1	24 2
39	69	0.0	1	68 1
40	119	0.0	1	115 4
41	1291	0.0	1	1274 17
42	298	0.0	1	288 10
43	206	0.0	1	200 6
44	129	0.0	1	126 3
45	204	0.0	1	203 1
46	162	0.0	1	155 7
47	889	0.0	1	881 8
48	22	0.0	1	12 10
49	310	0.0	1	290 20
50	5563	0.0	1	5473 90
